[DEBU] proc.mirtcp.util 2020/05/04 00:07:57 <--- 服务端收到 (client.START_GAME) 8字节: [8, 0, 8, 0, 1, 0, 0, 0]
[DEBU] server 2020/05/04 00:07:59 ############################ 打印::p.Level ############################ %!s(uint16=1)
[DEBU] server 2020/05/04 00:07:59 player login, AccountID(1) Name(fanfan)
[DEBU] server 2020/05/04 00:07:59 ############################ 打印::p.Map ############################ Map(1, Filename: 0, Title: 比奇省, Width: 700, Height: 700) %!s(MISSING)
---------------打印 p.Level %!s(uint16=1)
---------------打印 baseStats.HpGain %!s(float32=4)
---------------打印 baseStats.HpGainRate %!s(float32=4.5)
---------------打印 %!s(uint16=18)
[DEBU] server 2020/05/04 00:07:59 p.Name: fanfan
p.LooksArmour = 0
p.LooksWeapon = 0
p.LooksWeaponEffect = 0
p.LooksWings = 0
[DEBU] server 2020/05/04 00:07:59 ############################ 打印::p.GetCell() ############################ {"Point":{"X":321,"Y":657},"Attribute":0} %!s(<nil>)
[DEBU] proc.mirtcp.util 2020/05/04 00:07:59 ---> 服务端发送 (server.SET_CONCENTRATION) 10字节: [10, 0, 184, 0, 1, 0, 0, 0, 0, 0]
[DEBU] proc.mirtcp.util 2020/05/04 00:07:59 ---> 服务端发送 (server.START_GAME) 9字节: [9, 0, 14, 0, 4, 0, 4, 0, 0]
[DEBU] proc.mirtcp.util 2020/05/04 00:07:59 ---> 服务端发送 (server.CHAT) 93字节: [93, 0, 25, 0, 87, 91, 230, 172, 162, 232, 191, 142, 232, 191, 155, 229, 133, 165, 230, 184, 184, 230, 136, 143, 239, 188, 140, 229, 166, 130, 230, 156, 137, 228, 187, 187, 228, 189, 149, 229, 187, 186, 232, 174, 174, 227, 128, 129, 231, 150, 145, 233, 151, 174, 230, 172, 162, 232, 191, 142, 228, 186, 164, 230, 181, 129, 227, 128, 130, 232, 129, 148, 231, 179, 187, 81, 81, 231, 190, 164, 239, 188, 154, 51, 50, 51, 48, 57, 52, 55, 52, 93, 3]
[DEBU] proc.mirtcp.util 2020/05/04 00:07:59 ---> 服务端发送 (server.NEW_ITEM_INFO) 99字节: [99, 0, 27, 0, 147, 2, 0, 0, 17, 233, 173, 148, 230, 179, 149, 232, 141, 175, 40, 229, 176, 143, 233, 135, 143, 41, 13, 0, 0, 31, 3, 0, 0, 0, 1, 0, 0, 138, 1, 0, 0, 20, 0, 0, 0, 40, 0, 0, 0, 0, 0, 0, 0, 0, 0, 0, 0, 0, 0, 0, 0, 40, 0, 0, 0, 0, 0, 0, 0, 0, 0, 0, 0, 0, 0, 0, 0, 0, 0, 0, 0, 0, 0, 0, 0, 0, 0, 0, 0, 0, 0, 0, 0, 6, 0, 0, 0, 0, 0]
[DEBU] proc.mirtcp.util 2020/05/04 00:07:59 ---> 服务端发送 (server.NEW_ITEM_INFO) 88字节: [88, 0, 27, 0, 221, 0, 0, 0, 6, 230, 156, 168, 229, 137, 145, 1, 1, 0, 7, 3, 0, 0, 0, 4, 0, 1, 30, 0, 160, 15, 1, 0, 0, 0, 50, 0, 0, 0, 0, 0, 0, 0, 2, 4, 0, 0, 0, 0, 0, 0, 0, 0, 0, 0, 0, 0, 1, 0, 0, 0, 0, 0, 0, 0, 0, 0, 0, 0, 0, 0, 0, 0, 0, 0, 0, 0, 0, 0, 0, 0, 0, 0, 0, 1, 0, 1, 0, 0]
[DEBU] proc.mirtcp.util 2020/05/04 00:07:59 ---> 服务端发送 (server.MAP_INFORMATION) 25字节: [25, 0, 17, 0, 1, 48, 9, 230, 175, 148, 229, 165, 135, 231, 156, 129, 101, 0, 135, 0, 0, 1, 0, 0, 0]
[DEBU] proc.mirtcp.util 2020/05/04 00:07:59 ---> 服务端发送 (server.USER_INFORMATION) 288字节: [32, 1, 18, 0, 1, 0, 0, 0, 1, 0, 0, 0, 6, 102, 97, 110, 102, 97, 110, 0, 0, 255, 255, 255, 255, 0, 0, 1, 0, 65, 1, 0, 0, 145, 2, 0, 0, 0, 1, 17, 0, 14, 0, 30, 0, 0, 0, 0, 0, 0, 0, 100, 0, 0, 0, 0, 0, 0, 0, 0, 1, 46, 0, 0, 0, 1, 173, 10, 2, 0, 0, 0, 0, 0, 147, 2, 0, 0, 100, 0, 100, 0, 1, 0, 0, 0, 0, 0, 0, 0, 0, 0, 0, 0, 0, 0, 0, 1, 0, 0, 0, 0, 0, 0, 0, 0, 0, 0, 0, 0, 0, 0, 0, 0, 0, 0, 0, 0, 0, 0, 0, 0, 0, 0, 0, 0, 0, 0, 0, 0, 0, 0, 0, 0, 0, 0, 0, 0, 0, 0, 0, 0, 0, 0, 0, 0, 0, 0, 0, 0, 0, 0, 0, 0, 0, 0, 0, 1, 14, 0, 0, 0, 1, 172, 10, 2, 0, 0, 0, 0, 0, 221, 0, 0, 0, 100, 0, 100, 0, 1, 0, 0, 0, 0, 0, 2, 0, 0, 0, 0, 0, 0, 0, 0, 1, 0, 0, 0, 0, 0, 0, 0, 0, 0, 0, 0, 0, 0, 0, 0, 0, 0, 0, 0, 0, 0, 0, 0, 0, 0, 0, 0, 1, 40, 0, 0, 0, 0, 0, 0, 0, 0, 0, 0, 0, 0, 0, 0, 0, 0, 0, 0, 0, 0, 0, 0, 0, 0, 0, 0, 0, 0, 0, 0, 0, 0, 0, 0, 0, 0, 0, 0, 0, 0, 0, 0, 0, 109, 0, 0, 0, 100, 0, 0, 0, 0, 0, 0, 0, 0, 0, 0, 0, 0, 0, 0, 0, 0]
[DEBU] proc.mirtcp.util 2020/05/04 00:07:59 ---> 服务端发送 (server.TIME_OF_DAY) 5字节: [5, 0, 49, 0, 3]
[DEBU] proc.mirtcp.util 2020/05/04 00:07:59 ---> 服务端发送 (server.CHANGE_A_MODE) 5字节: [5, 0, 50, 0, 5]
[DEBU] proc.mirtcp.util 2020/05/04 00:07:59 ---> 服务端发送 (server.CHANGE_P_MODE) 5字节: [5, 0, 51, 0, 0]
[DEBU] proc.mirtcp.util 2020/05/04 00:07:59 ---> 服务端发送 (server.SWITCH_GROUP) 5字节: [5, 0, 113, 0, 0]
[DEBU] proc.mirtcp.util 2020/05/04 00:07:59 ---> 服务端发送 (server.NPC_RESPONSE) 8字节: [8, 0, 78, 0, 0, 0, 0, 0]
[DEBU] proc.mirtcp.util 2020/05/04 00:08:00 <--- 服务端收到 (client.START_GAME) 8字节: [8, 0, 8, 0, 3, 0, 0, 0]
[DEBU] proc.mirtcp.util 2020/05/04 00:08:00 ---> 服务端发送 (server.SET_CONCENTRATION) 10字节: [10, 0, 184, 0, 2, 0, 0, 0, 0, 0]
[DEBU] proc.mirtcp.util 2020/05/04 00:08:00 ---> 服务端发送 (server.START_GAME) 9字节: [9, 0, 14, 0, 4, 0, 4, 0, 0]
[DEBU] server 2020/05/04 00:08:00 ############################ 打印::p.Level ############################ %!s(uint16=1)
[DEBU] server 2020/05/04 00:08:00 player login, AccountID(2) Name(asdas)
[DEBU] server 2020/05/04 00:08:00 ############################ 打印::p.Map ############################ Map(1, Filename: 0, Title: 比奇省, Width: 700, Height: 700) %!s(MISSING)
---------------打印 p.Level %!s(uint16=1)
---------------打印 baseStats.HpGain %!s(float32=4)
---------------打印 baseStats.HpGainRate %!s(float32=4.5)
---------------打印 %!s(uint16=18)
[DEBU] server 2020/05/04 00:08:00 ############################ 打印::ServerMessage{}.SetConcentration(p) ############################ {"ObjectID":2,"Enabled":false,"Interrupted":false} %!s(<nil>)
[DEBU] server 2020/05/04 00:08:00 ############################ 打印::ServerMessage{}.SetObjectConcentration(p) ############################ {"ObjectID":2,"Enabled":false,"Interrupted":false} %!s(<nil>)
[DEBU] server 2020/05/04 00:08:00 ############################ 打印::server.PlayerUpdate ############################ {"ObjectID":3,"Light":0,"Weapon":-1,"WeaponEffect":0,"Armour":0,"WingEffect":0} %!s(<nil>)
[DEBU] server 2020/05/04 00:08:00 p.Name: asdas
p.LooksArmour = 0
p.LooksWeapon = -1
p.LooksWeaponEffect = 0
p.LooksWings = 0
[DEBU] server 2020/05/04 00:08:00 ############################ 打印::p.GetCell() ############################ {"Point":{"X":288,"Y":616},"Attribute":0} %!s(<nil>)
[DEBU] proc.mirtcp.util 2020/05/04 00:08:00 ---> 服务端发送 (server.CHAT) 93字节: [93, 0, 25, 0, 87, 91, 230, 172, 162, 232, 191, 142, 232, 191, 155, 229, 133, 165, 230, 184, 184, 230, 136, 143, 239, 188, 140, 229, 166, 130, 230, 156, 137, 228, 187, 187, 228, 189, 149, 229, 187, 186, 232, 174, 174, 227, 128, 129, 231, 150, 145, 233, 151, 174, 230, 172, 162, 232, 191, 142, 228, 186, 164, 230, 181, 129, 227, 128, 130, 232, 129, 148, 231, 179, 187, 81, 81, 231, 190, 164, 239, 188, 154, 51, 50, 51, 48, 57, 52, 55, 52, 93, 3]
[DEBU] proc.mirtcp.util 2020/05/04 00:08:00 ---> 服务端发送 (server.SET_CONCENTRATION) 10字节: [10, 0, 184, 0, 2, 0, 0, 0, 0, 0]
[DEBU] proc.mirtcp.util 2020/05/04 00:08:00 ---> 服务端发送 (server.MAP_INFORMATION) 25字节: [25, 0, 17, 0, 1, 48, 9, 230, 175, 148, 229, 165, 135, 231, 156, 129, 101, 0, 135, 0, 0, 1, 0, 0, 0]
[DEBU] proc.mirtcp.util 2020/05/04 00:08:00 ---> 服务端发送 (server.USER_INFORMATION) 195字节: [195, 0, 18, 0, 3, 0, 0, 0, 3, 0, 0, 0, 5, 97, 115, 100, 97, 115, 0, 0, 255, 255, 255, 255, 0, 0, 1, 0, 32, 1, 0, 0, 104, 2, 0, 0, 4, 1, 15, 0, 17, 0, 0, 0, 0, 0, 0, 0, 0, 0, 100, 0, 0, 0, 0, 0, 0, 0, 0, 1, 46, 0, 0, 0, 0, 0, 0, 0, 0, 0, 0, 0, 0, 0, 0, 0, 0, 0, 0, 0, 0, 0, 0, 0, 0, 0, 0, 0, 0, 0, 0, 0, 0, 0, 0, 0, 0, 0, 0, 0, 0, 0, 0, 0, 0, 0, 0, 0, 0, 0, 1, 14, 0, 0, 0, 0, 0, 0, 0, 0, 0, 0, 0, 0, 0, 0, 0, 0, 0, 1, 40, 0, 0, 0, 0, 0, 0, 0, 0, 0, 0, 0, 0, 0, 0, 0, 0, 0, 0, 0, 0, 0, 0, 0, 0, 0, 0, 0, 0, 0, 0, 0, 0, 0, 0, 0, 0, 0, 0, 0, 0, 0, 0, 0, 0, 0, 0, 0, 100, 0, 0, 0, 0, 0, 0, 0, 0, 0, 0, 0, 0, 0, 0, 0, 0]
[DEBU] proc.mirtcp.util 2020/05/04 00:08:00 ---> 服务端发送 (server.TIME_OF_DAY) 5字节: [5, 0, 49, 0, 3]
[DEBU] proc.mirtcp.util 2020/05/04 00:08:00 ---> 服务端发送 (server.CHANGE_A_MODE) 5字节: [5, 0, 50, 0, 5]
[DEBU] proc.mirtcp.util 2020/05/04 00:08:00 ---> 服务端发送 (server.CHANGE_P_MODE) 5字节: [5, 0, 51, 0, 0]
[DEBU] proc.mirtcp.util 2020/05/04 00:08:00 ---> 服务端发送 (server.SWITCH_GROUP) 5字节: [5, 0, 113, 0, 0]
[DEBU] proc.mirtcp.util 2020/05/04 00:08:00 ---> 服务端发送 (server.OBJECT_NPC) 51字节: [51, 0, 77, 0, 9, 211, 2, 0, 19, 228, 188, 160, 233, 128, 129, 229, 145, 152, 95, 231, 171, 160, 230, 165, 154, 232, 144, 147, 0, 255, 0, 255, 15, 0, 0, 0, 0, 0, 31, 1, 0, 0, 103, 2, 0, 0, 1, 0, 0, 0, 0]
[DEBU] proc.mirtcp.util 2020/05/04 00:08:00 ---> 服务端发送 (server.OBJECT_MONSTER) 52字节: [52, 0, 59, 0, 14, 218, 2, 0, 9, 231, 168, 187, 232, 141, 137, 228, 186, 186, 255, 255, 255, 255, 31, 1, 0, 0, 104, 2, 0, 0, 5, 0, 0, 0, 0, 0, 0, 0, 0, 0, 0, 0, 0, 0, 0, 0, 0, 0, 0, 0, 0, 0]
[DEBU] proc.mirtcp.util 2020/05/04 00:08:00 ---> 服务端发送 (server.OBJECT_MONSTER) 46字节: [46, 0, 59, 0, 218, 217, 2, 0, 3, 233, 185, 191, 255, 255, 255, 255, 30, 1, 0, 0, 107, 2, 0, 0, 4, 0, 0, 0, 2, 0, 0, 0, 0, 0, 0, 0, 0, 0, 0, 0, 0, 0, 0, 0, 0, 0]
[DEBU] proc.mirtcp.util 2020/05/04 00:08:00 ---> 服务端发送 (server.OBJECT_NPC) 48字节: [48, 0, 77, 0, 10, 211, 2, 0, 16, 232, 190, 185, 229, 162, 131, 230, 157, 145, 95, 229, 145, 138, 231, 164, 186, 0, 255, 0, 255, 45, 0, 0, 0, 0, 0, 28, 1, 0, 0, 103, 2, 0, 0, 1, 0, 0, 0, 0]
[DEBU] proc.mirtcp.util 2020/05/04 00:08:00 ---> 服务端发送 (server.OBJECT_NPC) 48字节: [48, 0, 77, 0, 43, 211, 2, 0, 16, 229, 149, 134, 228, 186, 186, 95, 232, 183, 175, 230, 178, 187, 233, 156, 158, 0, 255, 0, 255, 1, 0, 0, 0, 0, 0, 35, 1, 0, 0, 98, 2, 0, 0, 0, 0, 0, 0, 0]
[DEBU] proc.mirtcp.util 2020/05/04 00:08:00 ---> 服务端发送 (server.OBJECT_NPC) 52字节: [52, 0, 77, 0, 12, 211, 2, 0, 20, 67, 114, 97, 102, 116, 115, 76, 97, 100, 121, 95, 232, 174, 184, 229, 143, 175, 230, 133, 167, 0, 255, 0, 255, 7, 0, 0, 0, 0, 0, 38, 1, 0, 0, 107, 2, 0, 0, 1, 0, 0, 0, 0]
[DEBU] proc.mirtcp.util 2020/05/04 00:08:00 ---> 服务端发送 (server.OBJECT_MONSTER) 46字节: [46, 0, 59, 0, 227, 217, 2, 0, 3, 233, 185, 191, 255, 255, 255, 255, 40, 1, 0, 0, 96, 2, 0, 0, 4, 0, 0, 0, 2, 0, 0, 0, 0, 0, 0, 0, 0, 0, 0, 0, 0, 0, 0, 0, 0, 0]
[DEBU] proc.mirtcp.util 2020/05/04 00:08:00 ---> 服务端发送 (server.OBJECT_NPC) 54字节: [54, 0, 77, 0, 136, 211, 2, 0, 22, 67, 114, 97, 102, 116, 105, 110, 103, 86, 105, 108, 108, 97, 103, 101, 95, 229, 133, 165, 229, 143, 163, 0, 255, 0, 255, 0, 0, 0, 0, 0, 0, 40, 1, 0, 0, 107, 2, 0, 0, 1, 0, 0, 0, 0]
[DEBU] proc.mirtcp.util 2020/05/04 00:08:00 ---> 服务端发送 (server.OBJECT_MONSTER) 55字节: [55, 0, 59, 0, 55, 220, 2, 0, 12, 229, 188, 147, 231, 174, 173, 229, 174, 136, 229, 141, 171, 255, 255, 255, 255, 40, 1, 0, 0, 111, 2, 0, 0, 139, 0, 3, 0, 57, 20, 0, 0, 0, 0, 0, 0, 0, 0, 0, 0, 0, 0, 0, 0, 0, 0]
[DEBU] proc.mirtcp.util 2020/05/04 00:08:00 ---> 服务端发送 (server.OBJECT_MONSTER) 46字节: [46, 0, 59, 0, 190, 217, 2, 0, 3, 233, 185, 191, 255, 255, 255, 255, 33, 1, 0, 0, 112, 2, 0, 0, 4, 0, 0, 0, 2, 0, 0, 0, 0, 0, 0, 0, 0, 0, 0, 0, 0, 0, 0, 0, 0, 0]
[DEBU] proc.mirtcp.util 2020/05/04 00:08:00 ---> 服务端发送 (server.OBJECT_NPC) 48字节: [48, 0, 77, 0, 13, 211, 2, 0, 16, 229, 149, 134, 228, 186, 186, 95, 231, 165, 129, 229, 130, 178, 233, 152, 179, 0, 255, 0, 255, 0, 0, 0, 0, 0, 0, 41, 1, 0, 0, 100, 2, 0, 0, 0, 0, 0, 0, 0]
[DEBU] proc.mirtcp.util 2020/05/04 00:08:00 ---> 服务端发送 (server.OBJECT_MONSTER) 52字节: [52, 0, 59, 0, 8, 218, 2, 0, 9, 231, 168, 187, 232, 141, 137, 228, 186, 186, 255, 255, 255, 255, 23, 1, 0, 0, 103, 2, 0, 0, 5, 0, 0, 0, 0, 0, 0, 0, 0, 0, 0, 0, 0, 0, 0, 0, 0, 0, 0, 0, 0, 0]
[DEBU] proc.mirtcp.util 2020/05/04 00:08:00 ---> 服务端发送 (server.OBJECT_NPC) 45字节: [45, 0, 77, 0, 11, 211, 2, 0, 13, 229, 138, 169, 231, 144, 134, 95, 230, 156, 177, 233, 163, 142, 0, 255, 0, 255, 5, 0, 0, 0, 0, 0, 28, 1, 0, 0, 94, 2, 0, 0, 1, 0, 0, 0, 0]
[DEBU] proc.mirtcp.util 2020/05/04 00:08:00 ---> 服务端发送 (server.OBJECT_NPC) 54字节: [54, 0, 77, 0, 137, 211, 2, 0, 22, 230, 181, 129, 230, 181, 170, 229, 149, 134, 228, 186, 186, 95, 228, 184, 135, 228, 191, 159, 231, 148, 178, 0, 255, 0, 255, 94, 0, 0, 0, 0, 0, 31, 1, 0, 0, 94, 2, 0, 0, 0, 0, 0, 0, 0]
[DEBU] proc.mirtcp.util 2020/05/04 00:08:00 ---> 服务端发送 (server.OBJECT_MONSTER) 46字节: [46, 0, 59, 0, 28, 218, 2, 0, 3, 233, 185, 191, 255, 255, 255, 255, 39, 1, 0, 0, 115, 2, 0, 0, 4, 0, 0, 0, 2, 0, 0, 0, 0, 0, 0, 0, 0, 0, 0, 0, 0, 0, 0, 0, 0, 0]
[DEBU] proc.mirtcp.util 2020/05/04 00:08:00 ---> 服务端发送 (server.OBJECT_MONSTER) 46字节: [46, 0, 59, 0, 103, 217, 2, 0, 3, 231, 190, 138, 255, 255, 255, 255, 32, 1, 0, 0, 92, 2, 0, 0, 103, 0, 0, 0, 2, 0, 0, 0, 0, 0, 0, 0, 0, 0, 0, 0, 0, 0, 0, 0, 0, 0]
[DEBU] proc.mirtcp.util 2020/05/04 00:08:00 ---> 服务端发送 (server.OBJECT_MONSTER) 49字节: [49, 0, 59, 0, 69, 220, 2, 0, 6, 229, 141, 171, 229, 163, 171, 255, 255, 255, 255, 19, 1, 0, 0, 91, 2, 0, 0, 0, 0, 7, 0, 6, 20, 0, 0, 0, 0, 0, 0, 0, 0, 0, 0, 0, 0, 0, 0, 0, 0]
[DEBU] proc.mirtcp.util 2020/05/04 00:08:00 ---> 服务端发送 (server.OBJECT_NPC) 48字节: [48, 0, 77, 0, 33, 211, 2, 0, 16, 229, 149, 134, 228, 186, 186, 95, 230, 155, 185, 230, 176, 184, 233, 166, 153, 0, 255, 0, 255, 11, 0, 0, 0, 0, 0, 37, 1, 0, 0, 91, 2, 0, 0, 1, 0, 0, 0, 0]
[DEBU] proc.mirtcp.util 2020/05/04 00:08:00 ---> 服务端发送 (server.OBJECT_MONSTER) 46字节: [46, 0, 59, 0, 41, 218, 2, 0, 3, 233, 185, 191, 255, 255, 255, 255, 46, 1, 0, 0, 113, 2, 0, 0, 4, 0, 0, 0, 2, 0, 0, 0, 0, 0, 0, 0, 0, 0, 0, 0, 0, 0, 0, 0, 0, 0]
[DEBU] proc.mirtcp.util 2020/05/04 00:08:00 ---> 服务端发送 (server.OBJECT_MONSTER) 49字节: [49, 0, 59, 0, 70, 220, 2, 0, 6, 229, 141, 171, 229, 163, 171, 255, 255, 255, 255, 24, 1, 0, 0, 88, 2, 0, 0, 0, 0, 7, 0, 6, 20, 0, 0, 0, 0, 0, 0, 0, 0, 0, 0, 0, 0, 0, 0, 0, 0]
[DEBU] proc.mirtcp.util 2020/05/04 00:08:00 ---> 服务端发送 (server.OBJECT_MONSTER) 46字节: [46, 0, 59, 0, 204, 217, 2, 0, 3, 233, 185, 191, 255, 255, 255, 255, 47, 1, 0, 0, 88, 2, 0, 0, 4, 0, 0, 0, 2, 0, 0, 0, 0, 0, 0, 0, 0, 0, 0, 0, 0, 0, 0, 0, 0, 0]
[DEBU] proc.mirtcp.util 2020/05/04 00:08:00 ---> 服务端发送 (server.OBJECT_MONSTER) 46字节: [46, 0, 59, 0, 36, 218, 2, 0, 3, 233, 185, 191, 255, 255, 255, 255, 48, 1, 0, 0, 88, 2, 0, 0, 4, 0, 0, 0, 2, 0, 0, 0, 0, 0, 0, 0, 0, 0, 0, 0, 0, 0, 0, 0, 0, 0]
[DEBU] proc.mirtcp.util 2020/05/04 00:08:00 ---> 服务端发送 (server.OBJECT_MONSTER) 52字节: [52, 0, 59, 0, 24, 218, 2, 0, 9, 231, 168, 187, 232, 141, 137, 228, 186, 186, 255, 255, 255, 255, 48, 1, 0, 0, 118, 2, 0, 0, 5, 0, 0, 0, 0, 0, 0, 0, 0, 0, 0, 0, 0, 0, 0, 0, 0, 0, 0, 0, 0, 0]
[DEBU] proc.mirtcp.util 2020/05/04 00:08:00 ---> 服务端发送 (server.OBJECT_MONSTER) 52字节: [52, 0, 59, 0, 10, 218, 2, 0, 9, 231, 168, 187, 232, 141, 137, 228, 186, 186, 255, 255, 255, 255, 34, 1, 0, 0, 120, 2, 0, 0, 5, 0, 0, 0, 0, 0, 0, 0, 0, 0, 0, 0, 0, 0, 0, 0, 0, 0, 0, 0, 0, 0]
[DEBU] proc.mirtcp.util 2020/05/04 00:08:00 ---> 服务端发送 (server.OBJECT_NPC) 48字节: [48, 0, 77, 0, 34, 211, 2, 0, 16, 229, 149, 134, 228, 186, 186, 95, 230, 136, 154, 229, 168, 133, 229, 187, 183, 0, 255, 0, 255, 7, 0, 0, 0, 0, 0, 49, 1, 0, 0, 95, 2, 0, 0, 0, 0, 0, 0, 0]
[DEBU] proc.mirtcp.util 2020/05/04 00:08:00 ---> 服务端发送 (server.OBJECT_MONSTER) 46字节: [46, 0, 59, 0, 29, 218, 2, 0, 3, 233, 185, 191, 255, 255, 255, 255, 14, 1, 0, 0, 115, 2, 0, 0, 4, 0, 0, 0, 2, 0, 0, 0, 0, 0, 0, 0, 0, 0, 0, 0, 0, 0, 0, 0, 0, 0]
[DEBU] proc.mirtcp.util 2020/05/04 00:08:00 ---> 服务端发送 (server.OBJECT_MONSTER) 52字节: [52, 0, 59, 0, 3, 217, 2, 0, 9, 233, 146, 137, 232, 128, 153, 231, 140, 171, 255, 255, 255, 255, 44, 1, 0, 0, 85, 2, 0, 0, 7, 0, 0, 0, 0, 0, 0, 0, 0, 0, 0, 0, 0, 0, 0, 0, 0, 0, 0, 0, 0, 0]
[DEBU] proc.mirtcp.util 2020/05/04 00:08:00 ---> 服务端发送 (server.OBJECT_MONSTER) 52字节: [52, 0, 59, 0, 242, 216, 2, 0, 9, 233, 146, 137, 232, 128, 153, 231, 140, 171, 255, 255, 255, 255, 42, 1, 0, 0, 84, 2, 0, 0, 7, 0, 0, 0, 0, 0, 0, 0, 0, 0, 0, 0, 0, 0, 0, 0, 0, 0, 0, 0, 0, 0]
[DEBU] proc.mirtcp.util 2020/05/04 00:08:00 ---> 服务端发送 (server.OBJECT_MONSTER) 46字节: [46, 0, 59, 0, 39, 218, 2, 0, 3, 233, 185, 191, 255, 255, 255, 255, 52, 1, 0, 0, 94, 2, 0, 0, 4, 0, 0, 0, 2, 0, 0, 0, 0, 0, 0, 0, 0, 0, 0, 0, 0, 0, 0, 0, 0, 0]
[DEBU] proc.mirtcp.util 2020/05/04 00:08:00 ---> 服务端发送 (server.NPC_RESPONSE) 8字节: [8, 0, 78, 0, 0, 0, 0, 0]
[DEBU] proc.mirtcp.util 2020/05/04 00:08:00 ---> 服务端发送 (server.OBJECT_TURN) 17字节: [17, 0, 22, 0, 10, 211, 2, 0, 28, 1, 0, 0, 103, 2, 0, 0, 1]
[DEBU] proc.mirtcp.util 2020/05/04 00:08:00 ---> 服务端发送 (server.OBJECT_TURN) 17字节: [17, 0, 22, 0, 43, 211, 2, 0, 35, 1, 0, 0, 98, 2, 0, 0, 1]
[DEBU] proc.mirtcp.util 2020/05/04 00:08:00 ---> 服务端发送 (server.OBJECT_TURN) 17字节: [17, 0, 22, 0, 136, 211, 2, 0, 40, 1, 0, 0, 107, 2, 0, 0, 0]
[DEBU] proc.mirtcp.util 2020/05/04 00:08:00 ---> 服务端发送 (server.OBJECT_TURN) 17字节: [17, 0, 22, 0, 34, 211, 2, 0, 49, 1, 0, 0, 95, 2, 0, 0, 0]
[DEBU] proc.mirtcp.util 2020/05/04 00:08:00 ---> 服务端发送 (server.OBJECT_TURN) 17字节: [17, 0, 22, 0, 11, 211, 2, 0, 28, 1, 0, 0, 94, 2, 0, 0, 0]
[DEBU] proc.mirtcp.util 2020/05/04 00:08:00 ---> 服务端发送 (server.OBJECT_TURN) 17字节: [17, 0, 22, 0, 13, 211, 2, 0, 41, 1, 0, 0, 100, 2, 0, 0, 0]
[DEBU] proc.mirtcp.util 2020/05/04 00:08:00 ---> 服务端发送 (server.OBJECT_TURN) 17字节: [17, 0, 22, 0, 33, 211, 2, 0, 37, 1, 0, 0, 91, 2, 0, 0, 1]
[DEBU] proc.mirtcp.util 2020/05/04 00:08:00 ---> 服务端发送 (server.OBJECT_TURN) 17字节: [17, 0, 22, 0, 9, 211, 2, 0, 31, 1, 0, 0, 103, 2, 0, 0, 0]
[DEBU] proc.mirtcp.util 2020/05/04 00:08:00 ---> 服务端发送 (server.OBJECT_TURN) 17字节: [17, 0, 22, 0, 12, 211, 2, 0, 38, 1, 0, 0, 107, 2, 0, 0, 1]
[DEBU] proc.mirtcp.util 2020/05/04 00:08:00 ---> 服务端发送 (server.OBJECT_TURN) 17字节: [17, 0, 22, 0, 137, 211, 2, 0, 31, 1, 0, 0, 94, 2, 0, 0, 1]
[DEBU] proc.mirtcp.util 2020/05/04 00:08:00 ---> 服务端发送 (server.OBJECT_ATTACK) 20字节: [20, 0, 60, 0, 70, 220, 2, 0, 19, 1, 0, 0, 81, 2, 0, 0, 4, 0, 0, 0]
[DEBU] proc.mirtcp.util 2020/05/04 00:08:00 ---> 服务端发送 (server.OBJECT_TURN) 17字节: [17, 0, 22, 0, 70, 220, 2, 0, 24, 1, 0, 0, 88, 2, 0, 0, 7]
[DEBU] server 2020/05/04 00:08:00 attacker damage: 255, monster armour: 0
[DEBU] server 2020/05/04 00:08:00 monster HP: 0, MaxHP: 25, percent: 0
[DEBU] server 2020/05/04 00:08:01 Monster[稻草人]AI[0] Attack [asdas]
[DEBU] server 2020/05/04 00:08:01 Player asdas attacked, armour: 0, damage: 2. armour - damage: -2
[DEBU] server 2020/05/04 00:08:01 Player asdas HP: 15, MP: 17, MaxHP: 18, MaxMP: 14
[DEBU] server 2020/05/04 00:08:01 Player asdas ChangeHP: -2
[DEBU] server 2020/05/04 00:08:01 Player asdas HP: 13, MP: 17, MaxHP: 18, MaxMP: 14
[DEBU] proc.mirtcp.util 2020/05/04 00:08:01 ---> 服务端发送 (server.OBJECT_ATTACK) 20字节: [20, 0, 60, 0, 14, 218, 2, 0, 31, 1, 0, 0, 104, 2, 0, 0, 2, 0, 0, 0]
[DEBU] proc.mirtcp.util 2020/05/04 00:08:01 ---> 服务端发送 (server.STRUCK) 8字节: [8, 0, 61, 0, 14, 218, 2, 0]
[DEBU] proc.mirtcp.util 2020/05/04 00:08:01 ---> 服务端发送 (server.DAMAGE_INDICATOR) 13字节: [13, 0, 63, 0, 254, 255, 255, 255, 0, 3, 0, 0, 0]
[DEBU] proc.mirtcp.util 2020/05/04 00:08:01 ---> 服务端发送 (server.HEALTH_CHANGED) 8字节: [8, 0, 65, 0, 13, 0, 17, 0]
[DEBU] proc.mirtcp.util 2020/05/04 00:08:01 <--- 服务端收到 (client.REFINE_CANCEL) 4字节: [4, 0, 26, 0]
[DEBU] proc.mirtcp.util 2020/05/04 00:08:01 <--- 服务端收到 (client.REFINE_CANCEL) 4字节: [4, 0, 26, 0]
[DEBU] proc.mirtcp.util 2020/05/04 00:08:02 <--- 服务端收到 (client.REFINE_CANCEL) 4字节: [4, 0, 26, 0]
[DEBU] proc.mirtcp.util 2020/05/04 00:08:02 <--- 服务端收到 (client.REFINE_CANCEL) 4字节: [4, 0, 26, 0]
[DEBU] proc.mirtcp.util 2020/05/04 00:08:02 ---> 服务端发送 (server.OBJECT_WALK) 17字节: [17, 0, 23, 0, 8, 218, 2, 0, 23, 1, 0, 0, 102, 2, 0, 0, 0]
[DEBU] proc.mirtcp.util 2020/05/04 00:08:02 ---> 服务端发送 (server.OBJECT_WALK) 17字节: [17, 0, 23, 0, 190, 217, 2, 0, 33, 1, 0, 0, 111, 2, 0, 0, 0]
[DEBU] proc.mirtcp.util 2020/05/04 00:08:02 ---> 服务端发送 (server.OBJECT_WALK) 17字节: [17, 0, 23, 0, 29, 218, 2, 0, 14, 1, 0, 0, 114, 2, 0, 0, 0]
[DEBU] proc.mirtcp.util 2020/05/04 00:08:02 ---> 服务端发送 (server.OBJECT_WALK) 17字节: [17, 0, 23, 0, 218, 217, 2, 0, 30, 1, 0, 0, 106, 2, 0, 0, 0]
[DEBU] proc.mirtcp.util 2020/05/04 00:08:03 ---> 服务端发送 (server.OBJECT_WALK) 17字节: [17, 0, 23, 0, 24, 218, 2, 0, 48, 1, 0, 0, 117, 2, 0, 0, 0]
[DEBU] proc.mirtcp.util 2020/05/04 00:08:03 ---> 服务端发送 (server.OBJECT_WALK) 17字节: [17, 0, 23, 0, 29, 218, 2, 0, 14, 1, 0, 0, 113, 2, 0, 0, 0]
[DEBU] proc.mirtcp.util 2020/05/04 00:08:03 ---> 服务端发送 (server.OBJECT_TURN) 17字节: [17, 0, 22, 0, 103, 217, 2, 0, 32, 1, 0, 0, 92, 2, 0, 0, 2]
[DEBU] proc.mirtcp.util 2020/05/04 00:08:03 ---> 服务端发送 (server.OBJECT_WALK) 17字节: [17, 0, 23, 0, 41, 218, 2, 0, 46, 1, 0, 0, 112, 2, 0, 0, 0]
[DEBU] proc.mirtcp.util 2020/05/04 00:08:03 ---> 服务端发送 (server.OBJECT_WALK) 17字节: [17, 0, 23, 0, 204, 217, 2, 0, 47, 1, 0, 0, 87, 2, 0, 0, 0]
[DEBU] proc.mirtcp.util 2020/05/04 00:08:03 ---> 服务端发送 (server.OBJECT_TURN) 17字节: [17, 0, 22, 0, 218, 217, 2, 0, 30, 1, 0, 0, 106, 2, 0, 0, 7]
[DEBU] proc.mirtcp.util 2020/05/04 00:08:04 <--- 服务端收到 (client.WALK) 5字节: [5, 0, 11, 0, 7]
[DEBU] proc.mirtcp.util 2020/05/04 00:08:04 ---> 服务端发送 (server.USER_LOCATION) 13字节: [13, 0, 19, 0, 64, 1, 0, 0, 144, 2, 0, 0, 7]
[DEBU] proc.mirtcp.util 2020/05/04 00:08:04 ---> 服务端发送 (server.OBJECT_WALK) 17字节: [17, 0, 23, 0, 3, 217, 2, 0, 44, 1, 0, 0, 84, 2, 0, 0, 0]
[DEBU] proc.mirtcp.util 2020/05/04 00:08:04 ---> 服务端发送 (server.OBJECT_WALK) 17字节: [17, 0, 23, 0, 41, 218, 2, 0, 46, 1, 0, 0, 111, 2, 0, 0, 0]
[DEBU] proc.mirtcp.util 2020/05/04 00:08:04 ---> 服务端发送 (server.OBJECT_WALK) 17字节: [17, 0, 23, 0, 204, 217, 2, 0, 47, 1, 0, 0, 86, 2, 0, 0, 0]
[DEBU] proc.mirtcp.util 2020/05/04 00:08:04 ---> 服务端发送 (server.OBJECT_WALK) 17字节: [17, 0, 23, 0, 8, 218, 2, 0, 23, 1, 0, 0, 101, 2, 0, 0, 0]
[DEBU] server 2020/05/04 00:08:04 Monster[稻草人]AI[0] Attack [asdas]
[DEBU] server 2020/05/04 00:08:04 Player attacked DefenceTypeAgility
[DEBU] server 2020/05/04 00:08:04 p.Agility: 15, attacker.Accuracy: 5
[DEBU] server 2020/05/04 00:08:04 util.RandomNext(int(p.Agility)+1): 15
[DEBU] proc.mirtcp.util 2020/05/04 00:08:04 ---> 服务端发送 (server.OBJECT_ATTACK) 20字节: [20, 0, 60, 0, 14, 218, 2, 0, 31, 1, 0, 0, 104, 2, 0, 0, 2, 0, 0, 0]
[DEBU] proc.mirtcp.util 2020/05/04 00:08:04 ---> 服务端发送 (server.DAMAGE_INDICATOR) 13字节: [13, 0, 63, 0, 0, 0, 0, 0, 1, 3, 0, 0, 0]
[DEBU] proc.mirtcp.util 2020/05/04 00:08:05 <--- 服务端收到 (client.RUN) 5字节: [5, 0, 12, 0, 7]
[DEBU] proc.mirtcp.util 2020/05/04 00:08:05 ---> 服务端发送 (server.OBJECT_MONSTER) 52字节: [52, 0, 59, 0, 254, 217, 2, 0, 9, 231, 168, 187, 232, 141, 137, 228, 186, 186, 255, 255, 255, 255, 42, 1, 0, 0, 125, 2, 0, 0, 5, 0, 0, 0, 0, 0, 0, 0, 0, 0, 0, 0, 0, 0, 0, 0, 0, 0, 0, 0, 0, 0]
[DEBU] proc.mirtcp.util 2020/05/04 00:08:05 ---> 服务端发送 (server.USER_LOCATION) 13字节: [13, 0, 19, 0, 62, 1, 0, 0, 142, 2, 0, 0, 7]
[DEBU] proc.mirtcp.util 2020/05/04 00:08:05 ---> 服务端发送 (server.OBJECT_WALK) 17字节: [17, 0, 23, 0, 204, 217, 2, 0, 47, 1, 0, 0, 85, 2, 0, 0, 0]
[DEBU] proc.mirtcp.util 2020/05/04 00:08:05 ---> 服务端发送 (server.OBJECT_TURN) 17字节: [17, 0, 22, 0, 36, 218, 2, 0, 48, 1, 0, 0, 88, 2, 0, 0, 6]
[DEBU] proc.mirtcp.util 2020/05/04 00:08:05 ---> 服务端发送 (server.OBJECT_REMOVE) 8字节: [8, 0, 21, 0, 3, 217, 2, 0]
[DEBU] proc.mirtcp.util 2020/05/04 00:08:05 ---> 服务端发送 (server.OBJECT_TURN) 17字节: [17, 0, 22, 0, 218, 217, 2, 0, 30, 1, 0, 0, 106, 2, 0, 0, 5]
[DEBU] proc.mirtcp.util 2020/05/04 00:08:05 ---> 服务端发送 (server.OBJECT_TURN) 17字节: [17, 0, 22, 0, 28, 218, 2, 0, 39, 1, 0, 0, 115, 2, 0, 0, 4]
[DEBU] proc.mirtcp.util 2020/05/04 00:08:05 <--- 服务端收到 (client.RUN) 5字节: [5, 0, 12, 0, 7]
[DEBU] proc.mirtcp.util 2020/05/04 00:08:05 ---> 服务端发送 (server.OBJECT_MONSTER) 46字节: [46, 0, 59, 0, 217, 217, 2, 0, 3, 233, 185, 191, 255, 255, 255, 255, 67, 1, 0, 0, 121, 2, 0, 0, 4, 0, 0, 0, 2, 0, 0, 0, 0, 0, 0, 0, 0, 0, 0, 0, 0, 0, 0, 0, 0, 0]
[DEBU] proc.mirtcp.util 2020/05/04 00:08:05 ---> 服务端发送 (server.OBJECT_MONSTER) 46字节: [46, 0, 59, 0, 220, 217, 2, 0, 3, 233, 185, 191, 255, 255, 255, 255, 64, 1, 0, 0, 121, 2, 0, 0, 4, 0, 0, 0, 2, 0, 0, 0, 0, 0, 0, 0, 0, 0, 0, 0, 0, 0, 0, 0, 0, 0]
[DEBU] proc.mirtcp.util 2020/05/04 00:08:05 ---> 服务端发送 (server.OBJECT_MONSTER) 46字节: [46, 0, 59, 0, 37, 218, 2, 0, 3, 233, 185, 191, 255, 255, 255, 255, 60, 1, 0, 0, 121, 2, 0, 0, 4, 0, 0, 0, 2, 0, 0, 0, 0, 0, 0, 0, 0, 0, 0, 0, 0, 0, 0, 0, 0, 0]
[DEBU] proc.mirtcp.util 2020/05/04 00:08:05 ---> 服务端发送 (server.OBJECT_MONSTER) 52字节: [52, 0, 59, 0, 253, 217, 2, 0, 9, 231, 168, 187, 232, 141, 137, 228, 186, 186, 255, 255, 255, 255, 61, 1, 0, 0, 120, 2, 0, 0, 5, 0, 0, 0, 0, 0, 0, 0, 0, 0, 0, 0, 0, 0, 0, 0, 0, 0, 0, 0, 0, 0]
[DEBU] proc.mirtcp.util 2020/05/04 00:08:05 ---> 服务端发送 (server.USER_LOCATION) 13字节: [13, 0, 19, 0, 60, 1, 0, 0, 140, 2, 0, 0, 7]
[DEBU] proc.mirtcp.util 2020/05/04 00:08:06 <--- 服务端收到 (client.RUN) 5字节: [5, 0, 12, 0, 7]
[DEBU] proc.mirtcp.util 2020/05/04 00:08:06 ---> 服务端发送 (server.OBJECT_MONSTER) 46字节: [46, 0, 59, 0, 202, 217, 2, 0, 3, 233, 185, 191, 255, 255, 255, 255, 38, 1, 0, 0, 149, 2, 0, 0, 4, 0, 0, 0, 2, 0, 0, 0, 0, 0, 0, 0, 0, 0, 0, 0, 0, 0, 0, 0, 0, 0]
[DEBU] proc.mirtcp.util 2020/05/04 00:08:06 ---> 服务端发送 (server.USER_LOCATION) 13字节: [13, 0, 19, 0, 58, 1, 0, 0, 138, 2, 0, 0, 7]
[DEBU] proc.mirtcp.util 2020/05/04 00:08:06 ---> 服务端发送 (server.OBJECT_WALK) 17字节: [17, 0, 23, 0, 190, 217, 2, 0, 33, 1, 0, 0, 110, 2, 0, 0, 0]
[DEBU] proc.mirtcp.util 2020/05/04 00:08:06 ---> 服务端发送 (server.OBJECT_TURN) 17字节: [17, 0, 22, 0, 41, 218, 2, 0, 46, 1, 0, 0, 111, 2, 0, 0, 7]
[DEBU] proc.mirtcp.util 2020/05/04 00:08:06 ---> 服务端发送 (server.OBJECT_TURN) 17字节: [17, 0, 22, 0, 36, 218, 2, 0, 48, 1, 0, 0, 88, 2, 0, 0, 0]
[DEBU] proc.mirtcp.util 2020/05/04 00:08:06 ---> 服务端发送 (server.OBJECT_WALK) 17字节: [17, 0, 23, 0, 227, 217, 2, 0, 40, 1, 0, 0, 95, 2, 0, 0, 0]
[DEBU] proc.mirtcp.util 2020/05/04 00:08:07 <--- 服务端收到 (client.RUN) 5字节: [5, 0, 12, 0, 7]
[DEBU] proc.mirtcp.util 2020/05/04 00:08:07 ---> 服务端发送 (server.OBJECT_MONSTER) 52字节: [52, 0, 59, 0, 24, 218, 2, 0, 9, 231, 168, 187, 232, 141, 137, 228, 186, 186, 255, 255, 255, 255, 48, 1, 0, 0, 117, 2, 0, 0, 5, 0, 0, 0, 0, 0, 0, 0, 0, 0, 0, 0, 0, 0, 0, 0, 0, 0, 0, 0, 0, 0]
[DEBU] proc.mirtcp.util 2020/05/04 00:08:07 ---> 服务端发送 (server.USER_LOCATION) 13字节: [13, 0, 19, 0, 56, 1, 0, 0, 136, 2, 0, 0, 7]
[DEBU] proc.mirtcp.util 2020/05/04 00:08:07 ---> 服务端发送 (server.OBJECT_TURN) 17字节: [17, 0, 22, 0, 254, 217, 2, 0, 42, 1, 0, 0, 125, 2, 0, 0, 3]
[DEBU] proc.mirtcp.util 2020/05/04 00:08:07 <--- 服务端收到 (client.RUN) 5字节: [5, 0, 12, 0, 7]
[DEBU] proc.mirtcp.util 2020/05/04 00:08:07 ---> 服务端发送 (server.OBJECT_MONSTER) 52字节: [52, 0, 59, 0, 10, 218, 2, 0, 9, 231, 168, 187, 232, 141, 137, 228, 186, 186, 255, 255, 255, 255, 34, 1, 0, 0, 120, 2, 0, 0, 5, 0, 0, 0, 0, 0, 0, 0, 0, 0, 0, 0, 0, 0, 0, 0, 0, 0, 0, 0, 0, 0]
[DEBU] proc.mirtcp.util 2020/05/04 00:08:07 ---> 服务端发送 (server.OBJECT_MONSTER) 46字节: [46, 0, 59, 0, 28, 218, 2, 0, 3, 233, 185, 191, 255, 255, 255, 255, 39, 1, 0, 0, 115, 2, 0, 0, 4, 0, 4, 0, 2, 0, 0, 0, 0, 0, 0, 0, 0, 0, 0, 0, 0, 0, 0, 0, 0, 0]
[DEBU] proc.mirtcp.util 2020/05/04 00:08:07 ---> 服务端发送 (server.OBJECT_MONSTER) 46字节: [46, 0, 59, 0, 216, 217, 2, 0, 3, 233, 185, 191, 255, 255, 255, 255, 59, 1, 0, 0, 114, 2, 0, 0, 4, 0, 0, 0, 2, 0, 0, 0, 0, 0, 0, 0, 0, 0, 0, 0, 0, 0, 0, 0, 0, 0]
[DEBU] proc.mirtcp.util 2020/05/04 00:08:07 ---> 服务端发送 (server.USER_LOCATION) 13字节: [13, 0, 19, 0, 54, 1, 0, 0, 134, 2, 0, 0, 7]
[DEBU] proc.mirtcp.util 2020/05/04 00:08:07 ---> 服务端发送 (server.OBJECT_WALK) 17字节: [17, 0, 23, 0, 24, 218, 2, 0, 48, 1, 0, 0, 116, 2, 0, 0, 0]
[DEBU] proc.mirtcp.util 2020/05/04 00:08:07 ---> 服务端发送 (server.OBJECT_WALK) 17字节: [17, 0, 23, 0, 29, 218, 2, 0, 14, 1, 0, 0, 112, 2, 0, 0, 0]
[DEBU] proc.mirtcp.util 2020/05/04 00:08:07 ---> 服务端发送 (server.OBJECT_TURN) 17字节: [17, 0, 22, 0, 204, 217, 2, 0, 47, 1, 0, 0, 85, 2, 0, 0, 4]
[DEBU] proc.mirtcp.util 2020/05/04 00:08:07 ---> 服务端发送 (server.OBJECT_WALK) 17字节: [17, 0, 23, 0, 8, 218, 2, 0, 23, 1, 0, 0, 100, 2, 0, 0, 0]
[DEBU] proc.mirtcp.util 2020/05/04 00:08:07 ---> 服务端发送 (server.OBJECT_WALK) 17字节: [17, 0, 23, 0, 24, 218, 2, 0, 48, 1, 0, 0, 116, 2, 0, 0, 0]
[DEBU] server 2020/05/04 00:08:07 Monster[稻草人]AI[0] Attack [asdas]
[DEBU] server 2020/05/04 00:08:07 Player attacked DefenceTypeAgility
[DEBU] server 2020/05/04 00:08:07 p.Agility: 15, attacker.Accuracy: 5
[DEBU] server 2020/05/04 00:08:07 util.RandomNext(int(p.Agility)+1): 1
[DEBU] proc.mirtcp.util 2020/05/04 00:08:07 ---> 服务端发送 (server.OBJECT_ATTACK) 20字节: [20, 0, 60, 0, 14, 218, 2, 0, 31, 1, 0, 0, 104, 2, 0, 0, 2, 0, 0, 0]
[DEBU] proc.mirtcp.util 2020/05/04 00:08:07 ---> 服务端发送 (server.DAMAGE_INDICATOR) 13字节: [13, 0, 63, 0, 0, 0, 0, 0, 1, 3, 0, 0, 0]
[DEBU] proc.mirtcp.util 2020/05/04 00:08:08 <--- 服务端收到 (client.RUN) 5字节: [5, 0, 12, 0, 7]
[DEBU] proc.mirtcp.util 2020/05/04 00:08:08 ---> 服务端发送 (server.USER_LOCATION) 13字节: [13, 0, 19, 0, 52, 1, 0, 0, 132, 2, 0, 0, 7]
[DEBU] proc.mirtcp.util 2020/05/04 00:08:08 ---> 服务端发送 (server.OBJECT_TURN) 17字节: [17, 0, 22, 0, 227, 217, 2, 0, 40, 1, 0, 0, 95, 2, 0, 0, 1]
[DEBU] proc.mirtcp.util 2020/05/04 00:08:08 ---> 服务端发送 (server.OBJECT_TURN) 17字节: [17, 0, 22, 0, 8, 218, 2, 0, 23, 1, 0, 0, 100, 2, 0, 0, 4]
[DEBU] proc.mirtcp.util 2020/05/04 00:08:08 ---> 服务端发送 (server.OBJECT_WALK) 17字节: [17, 0, 23, 0, 39, 218, 2, 0, 52, 1, 0, 0, 93, 2, 0, 0, 0]
[DEBU] proc.mirtcp.util 2020/05/04 00:08:08 <--- 服务端收到 (client.RUN) 5字节: [5, 0, 12, 0, 7]
[DEBU] proc.mirtcp.util 2020/05/04 00:08:08 ---> 服务端发送 (server.OBJECT_MONSTER) 46字节: [46, 0, 59, 0, 190, 217, 2, 0, 3, 233, 185, 191, 255, 255, 255, 255, 33, 1, 0, 0, 110, 2, 0, 0, 4, 0, 0, 0, 2, 0, 0, 0, 0, 0, 0, 0, 0, 0, 0, 0, 0, 0, 0, 0, 0, 0]
[DEBU] proc.mirtcp.util 2020/05/04 00:08:08 ---> 服务端发送 (server.OBJECT_MONSTER) 46字节: [46, 0, 59, 0, 41, 218, 2, 0, 3, 233, 185, 191, 255, 255, 255, 255, 46, 1, 0, 0, 111, 2, 0, 0, 4, 0, 7, 0, 2, 0, 0, 0, 0, 0, 0, 0, 0, 0, 0, 0, 0, 0, 0, 0, 0, 0]
[DEBU] proc.mirtcp.util 2020/05/04 00:08:08 ---> 服务端发送 (server.OBJECT_MONSTER) 55字节: [55, 0, 59, 0, 55, 220, 2, 0, 12, 229, 188, 147, 231, 174, 173, 229, 174, 136, 229, 141, 171, 255, 255, 255, 255, 40, 1, 0, 0, 111, 2, 0, 0, 139, 0, 3, 0, 57, 20, 0, 0, 0, 0, 0, 0, 0, 0, 0, 0, 0, 0, 0, 0, 0, 0]
[DEBU] proc.mirtcp.util 2020/05/04 00:08:08 ---> 服务端发送 (server.USER_LOCATION) 13字节: [13, 0, 19, 0, 50, 1, 0, 0, 130, 2, 0, 0, 7]
[DEBU] proc.mirtcp.util 2020/05/04 00:08:09 <--- 服务端收到 (client.RUN) 5字节: [5, 0, 12, 0, 0]
[DEBU] proc.mirtcp.util 2020/05/04 00:08:09 ---> 服务端发送 (server.OBJECT_REMOVE) 8字节: [8, 0, 21, 0, 202, 217, 2, 0]
[DEBU] proc.mirtcp.util 2020/05/04 00:08:09 ---> 服务端发送 (server.USER_LOCATION) 13字节: [13, 0, 19, 0, 50, 1, 0, 0, 128, 2, 0, 0, 0]
[DEBU] proc.mirtcp.util 2020/05/04 00:08:09 ---> 服务端发送 (server.OBJECT_REMOVE) 8字节: [8, 0, 21, 0, 242, 216, 2, 0]
[DEBU] proc.mirtcp.util 2020/05/04 00:08:09 ---> 服务端发送 (server.OBJECT_WALK) 17字节: [17, 0, 23, 0, 103, 217, 2, 0, 33, 1, 0, 0, 92, 2, 0, 0, 2]
[DEBU] proc.mirtcp.util 2020/05/04 00:08:09 ---> 服务端发送 (server.OBJECT_WALK) 17字节: [17, 0, 23, 0, 204, 217, 2, 0, 47, 1, 0, 0, 86, 2, 0, 0, 4]
[DEBU] proc.mirtcp.util 2020/05/04 00:08:09 ---> 服务端发送 (server.OBJECT_WALK) 17字节: [17, 0, 23, 0, 8, 218, 2, 0, 23, 1, 0, 0, 101, 2, 0, 0, 4]
[DEBU] proc.mirtcp.util 2020/05/04 00:08:09 ---> 服务端发送 (server.HEALTH_CHANGED) 8字节: [8, 0, 65, 0, 18, 0, 14, 0]
[DEBU] proc.mirtcp.util 2020/05/04 00:08:10 ---> 服务端发送 (server.OBJECT_TURN) 17字节: [17, 0, 22, 0, 220, 217, 2, 0, 64, 1, 0, 0, 121, 2, 0, 0, 4]
[DEBU] proc.mirtcp.util 2020/05/04 00:08:10 <--- 服务端收到 (client.RUN) 5字节: [5, 0, 12, 0, 0]
[DEBU] proc.mirtcp.util 2020/05/04 00:08:10 ---> 服务端发送 (server.OBJECT_NPC) 52字节: [52, 0, 77, 0, 12, 211, 2, 0, 20, 67, 114, 97, 102, 116, 115, 76, 97, 100, 121, 95, 232, 174, 184, 229, 143, 175, 230, 133, 167, 0, 255, 0, 255, 7, 0, 0, 0, 0, 0, 38, 1, 0, 0, 107, 2, 0, 0, 1, 0, 0, 0, 0]
[DEBU] proc.mirtcp.util 2020/05/04 00:08:10 ---> 服务端发送 (server.OBJECT_NPC) 54字节: [54, 0, 77, 0, 136, 211, 2, 0, 22, 67, 114, 97, 102, 116, 105, 110, 103, 86, 105, 108, 108, 97, 103, 101, 95, 229, 133, 165, 229, 143, 163, 0, 255, 0, 255, 0, 0, 0, 0, 0, 0, 40, 1, 0, 0, 107, 2, 0, 0, 0, 0, 0, 0, 0]
[DEBU] proc.mirtcp.util 2020/05/04 00:08:10 ---> 服务端发送 (server.OBJECT_MONSTER) 46字节: [46, 0, 59, 0, 218, 217, 2, 0, 3, 233, 185, 191, 255, 255, 255, 255, 30, 1, 0, 0, 106, 2, 0, 0, 4, 0, 5, 0, 2, 0, 0, 0, 0, 0, 0, 0, 0, 0, 0, 0, 0, 0, 0, 0, 0, 0]
[DEBU] proc.mirtcp.util 2020/05/04 00:08:10 ---> 服务端发送 (server.USER_LOCATION) 13字节: [13, 0, 19, 0, 50, 1, 0, 0, 126, 2, 0, 0, 0]
[DEBU] proc.mirtcp.util 2020/05/04 00:08:10 ---> 服务端发送 (server.OBJECT_TURN) 17字节: [17, 0, 22, 0, 254, 217, 2, 0, 42, 1, 0, 0, 125, 2, 0, 0, 4]
[DEBU] proc.mirtcp.util 2020/05/04 00:08:10 <--- 服务端收到 (client.RUN) 5字节: [5, 0, 12, 0, 7]
[DEBU] proc.mirtcp.util 2020/05/04 00:08:10 ---> 服务端发送 (server.OBJECT_RUN) 17字节: [17, 0, 24, 0, 1, 0, 0, 0, 48, 1, 0, 0, 124, 2, 0, 0, 7]
[DEBU] proc.mirtcp.util 2020/05/04 00:08:10 ---> 服务端发送 (server.OBJECT_MONSTER) 52字节: [52, 0, 59, 0, 14, 218, 2, 0, 9, 231, 168, 187, 232, 141, 137, 228, 186, 186, 255, 255, 255, 255, 31, 1, 0, 0, 104, 2, 0, 0, 5, 0, 2, 0, 0, 0, 0, 0, 0, 0, 0, 0, 0, 0, 0, 0, 0, 0, 0, 0, 0, 0]
[DEBU] codec.mircodec 2020/05/04 00:08:10 发送玩家信息 ObjectPlayer Name: asdas(3), Location: 288,616, Class: 0, Gender: 0, Location: 288,616, Direction: 4, Hair: 1, Light: 0, Weapon: -1, WeaponEffect: 0, Armour: 0
[DEBU] proc.mirtcp.util 2020/05/04 00:08:10 ---> 服务端发送 (server.OBJECT_PLAYER) 71字节: [71, 0, 20, 0, 3, 0, 0, 0, 5, 97, 115, 100, 97, 115, 0, 0, 255, 255, 255, 255, 0, 0, 1, 0, 32, 1, 0, 0, 104, 2, 0, 0, 4, 1, 0, 255, 255, 0, 0, 0, 0, 0, 0, 0, 0, 0, 0, 0, 255, 255, 0, 0, 255, 255, 0, 0, 0, 0, 0, 0, 0, 0, 200, 0, 0, 0, 0, 0, 0, 0, 0]
[DEBU] proc.mirtcp.util 2020/05/04 00:08:10 ---> 服务端发送 (server.USER_LOCATION) 13字节: [13, 0, 19, 0, 48, 1, 0, 0, 124, 2, 0, 0, 7]
[DEBU] proc.mirtcp.util 2020/05/04 00:08:10 ---> 服务端发送 (server.OBJECT_WALK) 17字节: [17, 0, 23, 0, 216, 217, 2, 0, 59, 1, 0, 0, 113, 2, 0, 0, 0]
[DEBU] proc.mirtcp.util 2020/05/04 00:08:10 ---> 服务端发送 (server.OBJECT_HEALTH) 10字节: [10, 0, 121, 0, 3, 0, 0, 0, 77, 5]
[DEBU] proc.mirtcp.util 2020/05/04 00:08:10 ---> 服务端发送 (server.HEALTH_CHANGED) 8字节: [8, 0, 65, 0, 14, 0, 17, 0]
[DEBU] proc.mirtcp.util 2020/05/04 00:08:10 ---> 服务端发送 (server.OBJECT_TURN) 17字节: [17, 0, 22, 0, 190, 217, 2, 0, 33, 1, 0, 0, 110, 2, 0, 0, 7]
[DEBU] proc.mirtcp.util 2020/05/04 00:08:10 ---> 服务端发送 (server.OBJECT_WALK) 17字节: [17, 0, 23, 0, 39, 218, 2, 0, 52, 1, 0, 0, 92, 2, 0, 0, 0]
[DEBU] proc.mirtcp.util 2020/05/04 00:08:10 ---> 服务端发送 (server.OBJECT_TURN) 17字节: [17, 0, 22, 0, 190, 217, 2, 0, 33, 1, 0, 0, 110, 2, 0, 0, 7]
[DEBU] proc.mirtcp.util 2020/05/04 00:08:10 ---> 服务端发送 (server.OBJECT_WALK) 17字节: [17, 0, 23, 0, 29, 218, 2, 0, 14, 1, 0, 0, 111, 2, 0, 0, 0]
[DEBU] proc.mirtcp.util 2020/05/04 00:08:11 ---> 服务端发送 (server.OBJECT_WALK) 17字节: [17, 0, 23, 0, 220, 217, 2, 0, 64, 1, 0, 0, 122, 2, 0, 0, 4]
[DEBU] proc.mirtcp.util 2020/05/04 00:08:11 ---> 服务端发送 (server.OBJECT_WALK) 17字节: [17, 0, 23, 0, 37, 218, 2, 0, 60, 1, 0, 0, 120, 2, 0, 0, 0]
[DEBU] proc.mirtcp.util 2020/05/04 00:08:11 ---> 服务端发送 (server.OBJECT_WALK) 17字节: [17, 0, 23, 0, 253, 217, 2, 0, 61, 1, 0, 0, 119, 2, 0, 0, 0]
[DEBU] server 2020/05/04 00:08:11 Monster[稻草人]AI[0] Attack [asdas]
[DEBU] server 2020/05/04 00:08:11 Player attacked DefenceTypeAgility
[DEBU] server 2020/05/04 00:08:11 p.Agility: 15, attacker.Accuracy: 5
[DEBU] server 2020/05/04 00:08:11 util.RandomNext(int(p.Agility)+1): 9
[DEBU] proc.mirtcp.util 2020/05/04 00:08:11 ---> 服务端发送 (server.OBJECT_ATTACK) 20字节: [20, 0, 60, 0, 14, 218, 2, 0, 31, 1, 0, 0, 104, 2, 0, 0, 2, 0, 0, 0]
[DEBU] proc.mirtcp.util 2020/05/04 00:08:11 ---> 服务端发送 (server.DAMAGE_INDICATOR) 13字节: [13, 0, 63, 0, 0, 0, 0, 0, 1, 3, 0, 0, 0]
[DEBU] proc.mirtcp.util 2020/05/04 00:08:11 ---> 服务端发送 (server.OBJECT_ATTACK) 20字节: [20, 0, 60, 0, 14, 218, 2, 0, 31, 1, 0, 0, 104, 2, 0, 0, 2, 0, 0, 0]
[DEBU] proc.mirtcp.util 2020/05/04 00:08:11 ---> 服务端发送 (server.DAMAGE_INDICATOR) 13字节: [13, 0, 63, 0, 0, 0, 0, 0, 1, 3, 0, 0, 0]
[DEBU] proc.mirtcp.util 2020/05/04 00:08:11 <--- 服务端收到 (client.RUN) 5字节: [5, 0, 12, 0, 7]
[DEBU] proc.mirtcp.util 2020/05/04 00:08:11 ---> 服务端发送 (server.OBJECT_NPC) 48字节: [48, 0, 77, 0, 10, 211, 2, 0, 16, 232, 190, 185, 229, 162, 131, 230, 157, 145, 95, 229, 145, 138, 231, 164, 186, 0, 255, 0, 255, 45, 0, 0, 0, 0, 0, 28, 1, 0, 0, 103, 2, 0, 0, 1, 0, 0, 0, 0]
[DEBU] proc.mirtcp.util 2020/05/04 00:08:11 ---> 服务端发送 (server.OBJECT_REMOVE) 8字节: [8, 0, 21, 0, 217, 217, 2, 0]
[DEBU] proc.mirtcp.util 2020/05/04 00:08:11 ---> 服务端发送 (server.OBJECT_NPC) 51字节: [51, 0, 77, 0, 9, 211, 2, 0, 19, 228, 188, 160, 233, 128, 129, 229, 145, 152, 95, 231, 171, 160, 230, 165, 154, 232, 144, 147, 0, 255, 0, 255, 15, 0, 0, 0, 0, 0, 31, 1, 0, 0, 103, 2, 0, 0, 0, 0, 0, 0, 0]
[DEBU] proc.mirtcp.util 2020/05/04 00:08:11 ---> 服务端发送 (server.USER_LOCATION) 13字节: [13, 0, 19, 0, 46, 1, 0, 0, 122, 2, 0, 0, 7]
[DEBU] codec.mircodec 2020/05/04 00:08:11 发送玩家信息 ObjectPlayer Name: fanfan(1), Location: 304,636, Class: 0, Gender: 0, Location: 304,636, Direction: 7, Hair: 1, Light: 0, Weapon: 0, WeaponEffect: 0, Armour: 0
[DEBU] proc.mirtcp.util 2020/05/04 00:08:11 ---> 服务端发送 (server.OBJECT_PLAYER) 72字节: [72, 0, 20, 0, 1, 0, 0, 0, 6, 102, 97, 110, 102, 97, 110, 0, 0, 255, 255, 255, 255, 0, 0, 1, 0, 48, 1, 0, 0, 124, 2, 0, 0, 7, 1, 0, 0, 0, 0, 0, 0, 0, 0, 0, 0, 0, 0, 0, 0, 255, 255, 0, 0, 255, 255, 0, 0, 0, 0, 0, 0, 0, 0, 200, 0, 0, 0, 0, 0, 0, 0, 0]
[DEBU] proc.mirtcp.util 2020/05/04 00:08:11 ---> 服务端发送 (server.OBJECT_RUN) 17字节: [17, 0, 24, 0, 1, 0, 0, 0, 46, 1, 0, 0, 122, 2, 0, 0, 7]
[DEBU] proc.mirtcp.util 2020/05/04 00:08:11 ---> 服务端发送 (server.OBJECT_WALK) 17字节: [17, 0, 23, 0, 254, 217, 2, 0, 43, 1, 0, 0, 124, 2, 0, 0, 1]
[DEBU] proc.mirtcp.util 2020/05/04 00:08:11 ---> 服务端发送 (server.OBJECT_MONSTER) 52字节: [52, 0, 59, 0, 254, 217, 2, 0, 9, 231, 168, 187, 232, 141, 137, 228, 186, 186, 255, 255, 255, 255, 43, 1, 0, 0, 124, 2, 0, 0, 5, 0, 1, 0, 0, 0, 0, 0, 0, 0, 0, 0, 0, 0, 0, 0, 0, 0, 0, 0, 0, 0]
[DEBU] proc.mirtcp.util 2020/05/04 00:08:11 ---> 服务端发送 (server.OBJECT_WALK) 17字节: [17, 0, 23, 0, 254, 217, 2, 0, 43, 1, 0, 0, 124, 2, 0, 0, 1]
[DEBU] proc.mirtcp.util 2020/05/04 00:08:11 ---> 服务端发送 (server.OBJECT_WALK) 17字节: [17, 0, 23, 0, 10, 218, 2, 0, 34, 1, 0, 0, 119, 2, 0, 0, 0]
[DEBU] proc.mirtcp.util 2020/05/04 00:08:11 ---> 服务端发送 (server.OBJECT_WALK) 17字节: [17, 0, 23, 0, 218, 217, 2, 0, 29, 1, 0, 0, 107, 2, 0, 0, 5]
[DEBU] proc.mirtcp.util 2020/05/04 00:08:11 ---> 服务端发送 (server.OBJECT_WALK) 17字节: [17, 0, 23, 0, 24, 218, 2, 0, 47, 1, 0, 0, 117, 2, 0, 0, 5]
[DEBU] proc.mirtcp.util 2020/05/04 00:08:11 ---> 服务端发送 (server.OBJECT_WALK) 17字节: [17, 0, 23, 0, 227, 217, 2, 0, 41, 1, 0, 0, 94, 2, 0, 0, 1]
[DEBU] proc.mirtcp.util 2020/05/04 00:08:11 ---> 服务端发送 (server.OBJECT_TURN) 17字节: [17, 0, 22, 0, 204, 217, 2, 0, 47, 1, 0, 0, 86, 2, 0, 0, 4]
[DEBU] proc.mirtcp.util 2020/05/04 00:08:11 ---> 服务端发送 (server.OBJECT_WALK) 17字节: [17, 0, 23, 0, 36, 218, 2, 0, 48, 1, 0, 0, 87, 2, 0, 0, 0]
[DEBU] proc.mirtcp.util 2020/05/04 00:08:11 ---> 服务端发送 (server.OBJECT_WALK) 17字节: [17, 0, 23, 0, 10, 218, 2, 0, 34, 1, 0, 0, 119, 2, 0, 0, 0]
[DEBU] proc.mirtcp.util 2020/05/04 00:08:11 ---> 服务端发送 (server.OBJECT_WALK) 17字节: [17, 0, 23, 0, 218, 217, 2, 0, 29, 1, 0, 0, 107, 2, 0, 0, 5]
[DEBU] proc.mirtcp.util 2020/05/04 00:08:11 ---> 服务端发送 (server.OBJECT_WALK) 17字节: [17, 0, 23, 0, 24, 218, 2, 0, 47, 1, 0, 0, 117, 2, 0, 0, 5]
[DEBU] proc.mirtcp.util 2020/05/04 00:08:12 <--- 服务端收到 (client.RUN) 5字节: [5, 0, 12, 0, 7]
[DEBU] proc.mirtcp.util 2020/05/04 00:08:12 ---> 服务端发送 (server.OBJECT_NPC) 48字节: [48, 0, 77, 0, 13, 211, 2, 0, 16, 229, 149, 134, 228, 186, 186, 95, 231, 165, 129, 229, 130, 178, 233, 152, 179, 0, 255, 0, 255, 0, 0, 0, 0, 0, 0, 41, 1, 0, 0, 100, 2, 0, 0, 0, 0, 0, 0, 0]
[DEBU] proc.mirtcp.util 2020/05/04 00:08:12 ---> 服务端发送 (server.OBJECT_MONSTER) 46字节: [46, 0, 59, 0, 40, 218, 2, 0, 3, 233, 185, 191, 255, 255, 255, 255, 62, 1, 0, 0, 100, 2, 0, 0, 4, 0, 0, 0, 2, 0, 0, 0, 0, 0, 0, 0, 0, 0, 0, 0, 0, 0, 0, 0, 0, 0]
[DEBU] proc.mirtcp.util 2020/05/04 00:08:12 ---> 服务端发送 (server.USER_LOCATION) 13字节: [13, 0, 19, 0, 44, 1, 0, 0, 120, 2, 0, 0, 7]
[DEBU] codec.mircodec 2020/05/04 00:08:12 发送玩家信息 ObjectPlayer Name: fanfan(1), Location: 302,634, Class: 0, Gender: 0, Location: 302,634, Direction: 7, Hair: 1, Light: 0, Weapon: 0, WeaponEffect: 0, Armour: 0
[DEBU] proc.mirtcp.util 2020/05/04 00:08:12 ---> 服务端发送 (server.OBJECT_PLAYER) 72字节: [72, 0, 20, 0, 1, 0, 0, 0, 6, 102, 97, 110, 102, 97, 110, 0, 0, 255, 255, 255, 255, 0, 0, 1, 0, 46, 1, 0, 0, 122, 2, 0, 0, 7, 1, 0, 0, 0, 0, 0, 0, 0, 0, 0, 0, 0, 0, 0, 0, 255, 255, 0, 0, 255, 255, 0, 0, 0, 0, 0, 0, 0, 0, 200, 0, 0, 0, 0, 0, 0, 0, 0]
[DEBU] proc.mirtcp.util 2020/05/04 00:08:12 ---> 服务端发送 (server.OBJECT_RUN) 17字节: [17, 0, 24, 0, 1, 0, 0, 0, 44, 1, 0, 0, 120, 2, 0, 0, 7]
[DEBU] proc.mirtcp.util 2020/05/04 00:08:12 ---> 服务端发送 (server.OBJECT_WALK) 17字节: [17, 0, 23, 0, 254, 217, 2, 0, 44, 1, 0, 0, 123, 2, 0, 0, 1]
[DEBU] proc.mirtcp.util 2020/05/04 00:08:12 ---> 服务端发送 (server.OBJECT_WALK) 17字节: [17, 0, 23, 0, 254, 217, 2, 0, 44, 1, 0, 0, 123, 2, 0, 0, 1]
[DEBU] proc.mirtcp.util 2020/05/04 00:08:12 <--- 服务端收到 (client.RUN) 5字节: [5, 0, 12, 0, 7]
[DEBU] proc.mirtcp.util 2020/05/04 00:08:12 ---> 服务端发送 (server.OBJECT_REMOVE) 8字节: [8, 0, 21, 0, 220, 217, 2, 0]
[DEBU] proc.mirtcp.util 2020/05/04 00:08:12 ---> 服务端发送 (server.OBJECT_NPC) 48字节: [48, 0, 77, 0, 43, 211, 2, 0, 16, 229, 149, 134, 228, 186, 186, 95, 232, 183, 175, 230, 178, 187, 233, 156, 158, 0, 255, 0, 255, 1, 0, 0, 0, 0, 0, 35, 1, 0, 0, 98, 2, 0, 0, 1, 0, 0, 0, 0]
[DEBU] proc.mirtcp.util 2020/05/04 00:08:12 ---> 服务端发送 (server.OBJECT_MONSTER) 52字节: [52, 0, 59, 0, 8, 218, 2, 0, 9, 231, 168, 187, 232, 141, 137, 228, 186, 186, 255, 255, 255, 255, 23, 1, 0, 0, 101, 2, 0, 0, 5, 0, 4, 0, 0, 0, 0, 0, 0, 0, 0, 0, 0, 0, 0, 0, 0, 0, 0, 0, 0, 0]
[DEBU] proc.mirtcp.util 2020/05/04 00:08:12 ---> 服务端发送 (server.USER_LOCATION) 13字节: [13, 0, 19, 0, 42, 1, 0, 0, 118, 2, 0, 0, 7]
[DEBU] codec.mircodec 2020/05/04 00:08:12 发送玩家信息 ObjectPlayer Name: fanfan(1), Location: 300,632, Class: 0, Gender: 0, Location: 300,632, Direction: 7, Hair: 1, Light: 0, Weapon: 0, WeaponEffect: 0, Armour: 0
[DEBU] proc.mirtcp.util 2020/05/04 00:08:12 ---> 服务端发送 (server.OBJECT_PLAYER) 72字节: [72, 0, 20, 0, 1, 0, 0, 0, 6, 102, 97, 110, 102, 97, 110, 0, 0, 255, 255, 255, 255, 0, 0, 1, 0, 44, 1, 0, 0, 120, 2, 0, 0, 7, 1, 0, 0, 0, 0, 0, 0, 0, 0, 0, 0, 0, 0, 0, 0, 255, 255, 0, 0, 255, 255, 0, 0, 0, 0, 0, 0, 0, 0, 200, 0, 0, 0, 0, 0, 0, 0, 0]
[DEBU] proc.mirtcp.util 2020/05/04 00:08:12 ---> 服务端发送 (server.OBJECT_RUN) 17字节: [17, 0, 24, 0, 1, 0, 0, 0, 42, 1, 0, 0, 118, 2, 0, 0, 7]
[DEBU] proc.mirtcp.util 2020/05/04 00:08:12 ---> 服务端发送 (server.OBJECT_WALK) 17字节: [17, 0, 23, 0, 216, 217, 2, 0, 59, 1, 0, 0, 112, 2, 0, 0, 0]
[DEBU] proc.mirtcp.util 2020/05/04 00:08:12 ---> 服务端发送 (server.OBJECT_WALK) 17字节: [17, 0, 23, 0, 24, 218, 2, 0, 46, 1, 0, 0, 118, 2, 0, 0, 5]
[DEBU] proc.mirtcp.util 2020/05/04 00:08:12 ---> 服务端发送 (server.OBJECT_WALK) 17字节: [17, 0, 23, 0, 103, 217, 2, 0, 34, 1, 0, 0, 92, 2, 0, 0, 2]
[DEBU] proc.mirtcp.util 2020/05/04 00:08:12 ---> 服务端发送 (server.OBJECT_TURN) 17字节: [17, 0, 22, 0, 41, 218, 2, 0, 46, 1, 0, 0, 111, 2, 0, 0, 2]
[DEBU] proc.mirtcp.util 2020/05/04 00:08:12 ---> 服务端发送 (server.OBJECT_WALK) 17字节: [17, 0, 23, 0, 24, 218, 2, 0, 46, 1, 0, 0, 118, 2, 0, 0, 5]
[DEBU] proc.mirtcp.util 2020/05/04 00:08:12 ---> 服务端发送 (server.OBJECT_TURN) 17字节: [17, 0, 22, 0, 41, 218, 2, 0, 46, 1, 0, 0, 111, 2, 0, 0, 2]
[DEBU] proc.mirtcp.util 2020/05/04 00:08:13 <--- 服务端收到 (client.RUN) 5字节: [5, 0, 12, 0, 7]
[DEBU] proc.mirtcp.util 2020/05/04 00:08:13 ---> 服务端发送 (server.OBJECT_REMOVE) 8字节: [8, 0, 21, 0, 253, 217, 2, 0]
[DEBU] proc.mirtcp.util 2020/05/04 00:08:13 ---> 服务端发送 (server.OBJECT_REMOVE) 8字节: [8, 0, 21, 0, 40, 218, 2, 0]
[DEBU] proc.mirtcp.util 2020/05/04 00:08:13 ---> 服务端发送 (server.OBJECT_MONSTER) 46字节: [46, 0, 59, 0, 45, 218, 2, 0, 3, 233, 185, 191, 255, 255, 255, 255, 21, 1, 0, 0, 132, 2, 0, 0, 4, 0, 0, 0, 2, 0, 0, 0, 0, 0, 0, 0, 0, 0, 0, 0, 0, 0, 0, 0, 0, 0]
[DEBU] proc.mirtcp.util 2020/05/04 00:08:13 ---> 服务端发送 (server.OBJECT_MONSTER) 46字节: [46, 0, 59, 0, 223, 217, 2, 0, 3, 233, 185, 191, 255, 255, 255, 255, 21, 1, 0, 0, 135, 2, 0, 0, 4, 0, 0, 0, 2, 0, 0, 0, 0, 0, 0, 0, 0, 0, 0, 0, 0, 0, 0, 0, 0, 0]
[DEBU] proc.mirtcp.util 2020/05/04 00:08:13 ---> 服务端发送 (server.USER_LOCATION) 13字节: [13, 0, 19, 0, 40, 1, 0, 0, 116, 2, 0, 0, 7]
[DEBU] codec.mircodec 2020/05/04 00:08:13 发送玩家信息 ObjectPlayer Name: fanfan(1), Location: 298,630, Class: 0, Gender: 0, Location: 298,630, Direction: 7, Hair: 1, Light: 0, Weapon: 0, WeaponEffect: 0, Armour: 0
[DEBU] proc.mirtcp.util 2020/05/04 00:08:13 ---> 服务端发送 (server.OBJECT_PLAYER) 72字节: [72, 0, 20, 0, 1, 0, 0, 0, 6, 102, 97, 110, 102, 97, 110, 0, 0, 255, 255, 255, 255, 0, 0, 1, 0, 42, 1, 0, 0, 118, 2, 0, 0, 7, 1, 0, 0, 0, 0, 0, 0, 0, 0, 0, 0, 0, 0, 0, 0, 255, 255, 0, 0, 255, 255, 0, 0, 0, 0, 0, 0, 0, 0, 200, 0, 0, 0, 0, 0, 0, 0, 0]
[DEBU] proc.mirtcp.util 2020/05/04 00:08:13 ---> 服务端发送 (server.OBJECT_RUN) 17字节: [17, 0, 24, 0, 1, 0, 0, 0, 40, 1, 0, 0, 116, 2, 0, 0, 7]
[DEBU] proc.mirtcp.util 2020/05/04 00:08:13 ---> 服务端发送 (server.OBJECT_WALK) 17字节: [17, 0, 23, 0, 254, 217, 2, 0, 43, 1, 0, 0, 122, 2, 0, 0, 7]
[DEBU] proc.mirtcp.util 2020/05/04 00:08:13 ---> 服务端发送 (server.OBJECT_WALK) 17字节: [17, 0, 23, 0, 254, 217, 2, 0, 43, 1, 0, 0, 122, 2, 0, 0, 7]
[DEBU] proc.mirtcp.util 2020/05/04 00:08:13 ---> 服务端发送 (server.OBJECT_WALK) 17字节: [17, 0, 23, 0, 10, 218, 2, 0, 33, 1, 0, 0, 118, 2, 0, 0, 7]
[DEBU] proc.mirtcp.util 2020/05/04 00:08:13 ---> 服务端发送 (server.OBJECT_TURN) 17字节: [17, 0, 22, 0, 28, 218, 2, 0, 39, 1, 0, 0, 115, 2, 0, 0, 8]
[DEBU] proc.mirtcp.util 2020/05/04 00:08:13 ---> 服务端发送 (server.OBJECT_WALK) 17字节: [17, 0, 23, 0, 24, 218, 2, 0, 45, 1, 0, 0, 117, 2, 0, 0, 7]
[DEBU] proc.mirtcp.util 2020/05/04 00:08:13 ---> 服务端发送 (server.OBJECT_WALK) 17字节: [17, 0, 23, 0, 190, 217, 2, 0, 32, 1, 0, 0, 109, 2, 0, 0, 7]
[DEBU] proc.mirtcp.util 2020/05/04 00:08:13 ---> 服务端发送 (server.OBJECT_WALK) 17字节: [17, 0, 23, 0, 29, 218, 2, 0, 14, 1, 0, 0, 110, 2, 0, 0, 0]
[DEBU] proc.mirtcp.util 2020/05/04 00:08:13 ---> 服务端发送 (server.OBJECT_WALK) 17字节: [17, 0, 23, 0, 10, 218, 2, 0, 33, 1, 0, 0, 118, 2, 0, 0, 7]
[DEBU] proc.mirtcp.util 2020/05/04 00:08:13 ---> 服务端发送 (server.OBJECT_WALK) 17字节: [17, 0, 23, 0, 227, 217, 2, 0, 42, 1, 0, 0, 93, 2, 0, 0, 1]
[DEBU] proc.mirtcp.util 2020/05/04 00:08:13 ---> 服务端发送 (server.OBJECT_WALK) 17字节: [17, 0, 23, 0, 204, 217, 2, 0, 47, 1, 0, 0, 87, 2, 0, 0, 4]
[DEBU] proc.mirtcp.util 2020/05/04 00:08:13 ---> 服务端发送 (server.OBJECT_TURN) 17字节: [17, 0, 22, 0, 28, 218, 2, 0, 39, 1, 0, 0, 115, 2, 0, 0, 8]
[DEBU] proc.mirtcp.util 2020/05/04 00:08:13 ---> 服务端发送 (server.OBJECT_WALK) 17字节: [17, 0, 23, 0, 39, 218, 2, 0, 52, 1, 0, 0, 91, 2, 0, 0, 0]
[DEBU] proc.mirtcp.util 2020/05/04 00:08:13 ---> 服务端发送 (server.OBJECT_WALK) 17字节: [17, 0, 23, 0, 24, 218, 2, 0, 45, 1, 0, 0, 117, 2, 0, 0, 7]
[DEBU] proc.mirtcp.util 2020/05/04 00:08:13 ---> 服务端发送 (server.OBJECT_WALK) 17字节: [17, 0, 23, 0, 190, 217, 2, 0, 32, 1, 0, 0, 109, 2, 0, 0, 7]
[DEBU] server 2020/05/04 00:08:14 Monster[稻草人]AI[0] Attack [asdas]
[DEBU] server 2020/05/04 00:08:14 Player asdas attacked, armour: 0, damage: 3. armour - damage: -3
[DEBU] server 2020/05/04 00:08:14 Player asdas HP: 14, MP: 17, MaxHP: 18, MaxMP: 14
[DEBU] server 2020/05/04 00:08:14 Player asdas ChangeHP: -3
[DEBU] server 2020/05/04 00:08:14 Player asdas HP: 11, MP: 17, MaxHP: 18, MaxMP: 14
[DEBU] proc.mirtcp.util 2020/05/04 00:08:14 ---> 服务端发送 (server.OBJECT_ATTACK) 20字节: [20, 0, 60, 0, 14, 218, 2, 0, 31, 1, 0, 0, 104, 2, 0, 0, 2, 0, 0, 0]
[DEBU] proc.mirtcp.util 2020/05/04 00:08:14 ---> 服务端发送 (server.OBJECT_STRUCK) 21字节: [21, 0, 62, 0, 3, 0, 0, 0, 14, 218, 2, 0, 32, 1, 0, 0, 104, 2, 0, 0, 4]
[DEBU] proc.mirtcp.util 2020/05/04 00:08:14 ---> 服务端发送 (server.DAMAGE_INDICATOR) 13字节: [13, 0, 63, 0, 253, 255, 255, 255, 0, 3, 0, 0, 0]
[DEBU] proc.mirtcp.util 2020/05/04 00:08:14 ---> 服务端发送 (server.OBJECT_HEALTH) 10字节: [10, 0, 121, 0, 3, 0, 0, 0, 61, 5]
[DEBU] proc.mirtcp.util 2020/05/04 00:08:14 ---> 服务端发送 (server.OBJECT_ATTACK) 20字节: [20, 0, 60, 0, 14, 218, 2, 0, 31, 1, 0, 0, 104, 2, 0, 0, 2, 0, 0, 0]
[DEBU] proc.mirtcp.util 2020/05/04 00:08:14 ---> 服务端发送 (server.STRUCK) 8字节: [8, 0, 61, 0, 14, 218, 2, 0]
[DEBU] proc.mirtcp.util 2020/05/04 00:08:14 ---> 服务端发送 (server.DAMAGE_INDICATOR) 13字节: [13, 0, 63, 0, 253, 255, 255, 255, 0, 3, 0, 0, 0]
[DEBU] proc.mirtcp.util 2020/05/04 00:08:14 ---> 服务端发送 (server.HEALTH_CHANGED) 8字节: [8, 0, 65, 0, 11, 0, 17, 0]
[DEBU] proc.mirtcp.util 2020/05/04 00:08:14 <--- 服务端收到 (client.WALK) 5字节: [5, 0, 11, 0, 0]
[DEBU] proc.mirtcp.util 2020/05/04 00:08:14 ---> 服务端发送 (server.OBJECT_NPC) 48字节: [48, 0, 77, 0, 34, 211, 2, 0, 16, 229, 149, 134, 228, 186, 186, 95, 230, 136, 154, 229, 168, 133, 229, 187, 183, 0, 255, 0, 255, 7, 0, 0, 0, 0, 0, 49, 1, 0, 0, 95, 2, 0, 0, 0, 0, 0, 0, 0]
[DEBU] proc.mirtcp.util 2020/05/04 00:08:14 ---> 服务端发送 (server.USER_LOCATION) 13字节: [13, 0, 19, 0, 40, 1, 0, 0, 115, 2, 0, 0, 0]
[DEBU] codec.mircodec 2020/05/04 00:08:14 发送玩家信息 ObjectPlayer Name: fanfan(1), Location: 296,628, Class: 0, Gender: 0, Location: 296,628, Direction: 7, Hair: 1, Light: 0, Weapon: 0, WeaponEffect: 0, Armour: 0
[DEBU] proc.mirtcp.util 2020/05/04 00:08:14 ---> 服务端发送 (server.OBJECT_PLAYER) 72字节: [72, 0, 20, 0, 1, 0, 0, 0, 6, 102, 97, 110, 102, 97, 110, 0, 0, 255, 255, 255, 255, 0, 0, 1, 0, 40, 1, 0, 0, 116, 2, 0, 0, 7, 1, 0, 0, 0, 0, 0, 0, 0, 0, 0, 0, 0, 0, 0, 0, 255, 255, 0, 0, 255, 255, 0, 0, 0, 0, 0, 0, 0, 0, 200, 0, 0, 0, 0, 0, 0, 0, 0]
[DEBU] proc.mirtcp.util 2020/05/04 00:08:14 ---> 服务端发送 (server.OBJECT_WALK) 17字节: [17, 0, 23, 0, 1, 0, 0, 0, 40, 1, 0, 0, 115, 2, 0, 0, 0]
[DEBU] proc.mirtcp.util 2020/05/04 00:08:14 ---> 服务端发送 (server.OBJECT_WALK) 17字节: [17, 0, 23, 0, 254, 217, 2, 0, 42, 1, 0, 0, 121, 2, 0, 0, 7]
[DEBU] proc.mirtcp.util 2020/05/04 00:08:14 ---> 服务端发送 (server.OBJECT_WALK) 17字节: [17, 0, 23, 0, 254, 217, 2, 0, 42, 1, 0, 0, 121, 2, 0, 0, 7]
[DEBU] proc.mirtcp.util 2020/05/04 00:08:15 ---> 服务端发送 (server.OBJECT_WALK) 17字节: [17, 0, 23, 0, 190, 217, 2, 0, 31, 1, 0, 0, 108, 2, 0, 0, 7]
[DEBU] proc.mirtcp.util 2020/05/04 00:08:15 ---> 服务端发送 (server.OBJECT_WALK) 17字节: [17, 0, 23, 0, 29, 218, 2, 0, 14, 1, 0, 0, 109, 2, 0, 0, 0]
[DEBU] proc.mirtcp.util 2020/05/04 00:08:15 ---> 服务端发送 (server.OBJECT_WALK) 17字节: [17, 0, 23, 0, 204, 217, 2, 0, 47, 1, 0, 0, 88, 2, 0, 0, 4]
[DEBU] proc.mirtcp.util 2020/05/04 00:08:15 ---> 服务端发送 (server.OBJECT_WALK) 17字节: [17, 0, 23, 0, 10, 218, 2, 0, 32, 1, 0, 0, 117, 2, 0, 0, 7]
[DEBU] proc.mirtcp.util 2020/05/04 00:08:15 ---> 服务端发送 (server.OBJECT_WALK) 17字节: [17, 0, 23, 0, 218, 217, 2, 0, 28, 1, 0, 0, 108, 2, 0, 0, 5]
[DEBU] proc.mirtcp.util 2020/05/04 00:08:15 ---> 服务端发送 (server.OBJECT_WALK) 17字节: [17, 0, 23, 0, 24, 218, 2, 0, 44, 1, 0, 0, 118, 2, 0, 0, 5]
[DEBU] proc.mirtcp.util 2020/05/04 00:08:15 ---> 服务端发送 (server.OBJECT_WALK) 17字节: [17, 0, 23, 0, 190, 217, 2, 0, 31, 1, 0, 0, 108, 2, 0, 0, 7]
[DEBU] proc.mirtcp.util 2020/05/04 00:08:15 ---> 服务端发送 (server.OBJECT_WALK) 17字节: [17, 0, 23, 0, 10, 218, 2, 0, 32, 1, 0, 0, 117, 2, 0, 0, 7]
[DEBU] proc.mirtcp.util 2020/05/04 00:08:15 ---> 服务端发送 (server.OBJECT_WALK) 17字节: [17, 0, 23, 0, 218, 217, 2, 0, 28, 1, 0, 0, 108, 2, 0, 0, 5]
[DEBU] proc.mirtcp.util 2020/05/04 00:08:15 ---> 服务端发送 (server.OBJECT_WALK) 17字节: [17, 0, 23, 0, 24, 218, 2, 0, 44, 1, 0, 0, 118, 2, 0, 0, 5]
[DEBU] proc.mirtcp.util 2020/05/04 00:08:15 <--- 服务端收到 (client.RUN) 5字节: [5, 0, 12, 0, 7]
[DEBU] proc.mirtcp.util 2020/05/04 00:08:15 ---> 服务端发送 (server.OBJECT_REMOVE) 8字节: [8, 0, 21, 0, 216, 217, 2, 0]
[DEBU] proc.mirtcp.util 2020/05/04 00:08:15 ---> 服务端发送 (server.OBJECT_REMOVE) 8字节: [8, 0, 21, 0, 223, 217, 2, 0]
[DEBU] proc.mirtcp.util 2020/05/04 00:08:15 ---> 服务端发送 (server.OBJECT_NPC) 45字节: [45, 0, 77, 0, 11, 211, 2, 0, 13, 229, 138, 169, 231, 144, 134, 95, 230, 156, 177, 233, 163, 142, 0, 255, 0, 255, 5, 0, 0, 0, 0, 0, 28, 1, 0, 0, 94, 2, 0, 0, 0, 0, 0, 0, 0]
[DEBU] proc.mirtcp.util 2020/05/04 00:08:15 ---> 服务端发送 (server.OBJECT_MONSTER) 46字节: [46, 0, 59, 0, 227, 217, 2, 0, 3, 233, 185, 191, 255, 255, 255, 255, 42, 1, 0, 0, 93, 2, 0, 0, 4, 0, 1, 0, 2, 0, 0, 0, 0, 0, 0, 0, 0, 0, 0, 0, 0, 0, 0, 0, 0, 0]
[DEBU] proc.mirtcp.util 2020/05/04 00:08:15 ---> 服务端发送 (server.OBJECT_REMOVE) 8字节: [8, 0, 21, 0, 37, 218, 2, 0]
[DEBU] proc.mirtcp.util 2020/05/04 00:08:15 ---> 服务端发送 (server.OBJECT_NPC) 54字节: [54, 0, 77, 0, 137, 211, 2, 0, 22, 230, 181, 129, 230, 181, 170, 229, 149, 134, 228, 186, 186, 95, 228, 184, 135, 228, 191, 159, 231, 148, 178, 0, 255, 0, 255, 94, 0, 0, 0, 0, 0, 31, 1, 0, 0, 94, 2, 0, 0, 1, 0, 0, 0, 0]
[DEBU] proc.mirtcp.util 2020/05/04 00:08:15 ---> 服务端发送 (server.USER_LOCATION) 13字节: [13, 0, 19, 0, 38, 1, 0, 0, 113, 2, 0, 0, 7]
[DEBU] codec.mircodec 2020/05/04 00:08:15 发送玩家信息 ObjectPlayer Name: fanfan(1), Location: 296,627, Class: 0, Gender: 0, Location: 296,627, Direction: 0, Hair: 1, Light: 0, Weapon: 0, WeaponEffect: 0, Armour: 0
[DEBU] proc.mirtcp.util 2020/05/04 00:08:15 ---> 服务端发送 (server.OBJECT_PLAYER) 72字节: [72, 0, 20, 0, 1, 0, 0, 0, 6, 102, 97, 110, 102, 97, 110, 0, 0, 255, 255, 255, 255, 0, 0, 1, 0, 40, 1, 0, 0, 115, 2, 0, 0, 0, 1, 0, 0, 0, 0, 0, 0, 0, 0, 0, 0, 0, 0, 0, 0, 255, 255, 0, 0, 255, 255, 0, 0, 0, 0, 0, 0, 0, 0, 200, 0, 0, 0, 0, 0, 0, 0, 0]
[DEBU] proc.mirtcp.util 2020/05/04 00:08:15 ---> 服务端发送 (server.OBJECT_RUN) 17字节: [17, 0, 24, 0, 1, 0, 0, 0, 38, 1, 0, 0, 113, 2, 0, 0, 7]
[DEBU] proc.mirtcp.util 2020/05/04 00:08:15 ---> 服务端发送 (server.OBJECT_WALK) 17字节: [17, 0, 23, 0, 45, 218, 2, 0, 21, 1, 0, 0, 131, 2, 0, 0, 0]
[DEBU] proc.mirtcp.util 2020/05/04 00:08:15 ---> 服务端发送 (server.OBJECT_WALK) 17字节: [17, 0, 23, 0, 254, 217, 2, 0, 41, 1, 0, 0, 120, 2, 0, 0, 7]
[DEBU] proc.mirtcp.util 2020/05/04 00:08:15 ---> 服务端发送 (server.OBJECT_WALK) 17字节: [17, 0, 23, 0, 254, 217, 2, 0, 41, 1, 0, 0, 120, 2, 0, 0, 7]
[DEBU] proc.mirtcp.util 2020/05/04 00:08:15 <--- 服务端收到 (client.RUN) 5字节: [5, 0, 12, 0, 7]
[DEBU] proc.mirtcp.util 2020/05/04 00:08:15 ---> 服务端发送 (server.OBJECT_MONSTER) 46字节: [46, 0, 59, 0, 39, 218, 2, 0, 3, 233, 185, 191, 255, 255, 255, 255, 52, 1, 0, 0, 91, 2, 0, 0, 4, 0, 0, 0, 2, 0, 0, 0, 0, 0, 0, 0, 0, 0, 0, 0, 0, 0, 0, 0, 0, 0]
[DEBU] proc.mirtcp.util 2020/05/04 00:08:15 ---> 服务端发送 (server.OBJECT_MONSTER) 49字节: [49, 0, 59, 0, 69, 220, 2, 0, 6, 229, 141, 171, 229, 163, 171, 255, 255, 255, 255, 19, 1, 0, 0, 91, 2, 0, 0, 0, 0, 7, 0, 6, 20, 0, 0, 0, 0, 0, 0, 0, 0, 0, 0, 0, 0, 0, 0, 0, 0]
[DEBU] proc.mirtcp.util 2020/05/04 00:08:15 ---> 服务端发送 (server.OBJECT_MONSTER) 46字节: [46, 0, 59, 0, 187, 217, 2, 0, 3, 233, 185, 191, 255, 255, 255, 255, 56, 1, 0, 0, 92, 2, 0, 0, 4, 0, 0, 0, 2, 0, 0, 0, 0, 0, 0, 0, 0, 0, 0, 0, 0, 0, 0, 0, 0, 0]
[DEBU] proc.mirtcp.util 2020/05/04 00:08:15 ---> 服务端发送 (server.OBJECT_MONSTER) 46字节: [46, 0, 59, 0, 103, 217, 2, 0, 3, 231, 190, 138, 255, 255, 255, 255, 34, 1, 0, 0, 92, 2, 0, 0, 103, 0, 2, 0, 2, 0, 0, 0, 0, 0, 0, 0, 0, 0, 0, 0, 0, 0, 0, 0, 0, 0]
[DEBU] proc.mirtcp.util 2020/05/04 00:08:15 ---> 服务端发送 (server.OBJECT_NPC) 48字节: [48, 0, 77, 0, 33, 211, 2, 0, 16, 229, 149, 134, 228, 186, 186, 95, 230, 155, 185, 230, 176, 184, 233, 166, 153, 0, 255, 0, 255, 11, 0, 0, 0, 0, 0, 37, 1, 0, 0, 91, 2, 0, 0, 1, 0, 0, 0, 0]
[DEBU] proc.mirtcp.util 2020/05/04 00:08:15 ---> 服务端发送 (server.USER_LOCATION) 13字节: [13, 0, 19, 0, 36, 1, 0, 0, 111, 2, 0, 0, 7]
[DEBU] codec.mircodec 2020/05/04 00:08:15 发送玩家信息 ObjectPlayer Name: fanfan(1), Location: 294,625, Class: 0, Gender: 0, Location: 294,625, Direction: 7, Hair: 1, Light: 0, Weapon: 0, WeaponEffect: 0, Armour: 0
[DEBU] proc.mirtcp.util 2020/05/04 00:08:15 ---> 服务端发送 (server.OBJECT_PLAYER) 72字节: [72, 0, 20, 0, 1, 0, 0, 0, 6, 102, 97, 110, 102, 97, 110, 0, 0, 255, 255, 255, 255, 0, 0, 1, 0, 38, 1, 0, 0, 113, 2, 0, 0, 7, 1, 0, 0, 0, 0, 0, 0, 0, 0, 0, 0, 0, 0, 0, 0, 255, 255, 0, 0, 255, 255, 0, 0, 0, 0, 0, 0, 0, 0, 200, 0, 0, 0, 0, 0, 0, 0, 0]
[DEBU] proc.mirtcp.util 2020/05/04 00:08:15 ---> 服务端发送 (server.OBJECT_RUN) 17字节: [17, 0, 24, 0, 1, 0, 0, 0, 36, 1, 0, 0, 111, 2, 0, 0, 7]
[DEBU] proc.mirtcp.util 2020/05/04 00:08:16 ---> 服务端发送 (server.OBJECT_TURN) 17字节: [17, 0, 22, 0, 28, 218, 2, 0, 39, 1, 0, 0, 115, 2, 0, 0, 8]
[DEBU] proc.mirtcp.util 2020/05/04 00:08:16 ---> 服务端发送 (server.OBJECT_TURN) 17字节: [17, 0, 22, 0, 39, 218, 2, 0, 52, 1, 0, 0, 91, 2, 0, 0, 3]
[DEBU] proc.mirtcp.util 2020/05/04 00:08:16 ---> 服务端发送 (server.OBJECT_WALK) 17字节: [17, 0, 23, 0, 24, 218, 2, 0, 43, 1, 0, 0, 118, 2, 0, 0, 6]
[DEBU] proc.mirtcp.util 2020/05/04 00:08:16 ---> 服务端发送 (server.OBJECT_WALK) 17字节: [17, 0, 23, 0, 190, 217, 2, 0, 30, 1, 0, 0, 107, 2, 0, 0, 7]
[DEBU] proc.mirtcp.util 2020/05/04 00:08:16 ---> 服务端发送 (server.OBJECT_WALK) 17字节: [17, 0, 23, 0, 103, 217, 2, 0, 35, 1, 0, 0, 92, 2, 0, 0, 2]
[DEBU] proc.mirtcp.util 2020/05/04 00:08:16 ---> 服务端发送 (server.OBJECT_WALK) 17字节: [17, 0, 23, 0, 10, 218, 2, 0, 31, 1, 0, 0, 116, 2, 0, 0, 7]
[DEBU] proc.mirtcp.util 2020/05/04 00:08:16 ---> 服务端发送 (server.OBJECT_TURN) 17字节: [17, 0, 22, 0, 227, 217, 2, 0, 42, 1, 0, 0, 93, 2, 0, 0, 5]
[DEBU] proc.mirtcp.util 2020/05/04 00:08:16 ---> 服务端发送 (server.OBJECT_TURN) 17字节: [17, 0, 22, 0, 204, 217, 2, 0, 47, 1, 0, 0, 88, 2, 0, 0, 2]
[DEBU] proc.mirtcp.util 2020/05/04 00:08:16 ---> 服务端发送 (server.OBJECT_WALK) 17字节: [17, 0, 23, 0, 36, 218, 2, 0, 48, 1, 0, 0, 86, 2, 0, 0, 0]
[DEBU] proc.mirtcp.util 2020/05/04 00:08:16 ---> 服务端发送 (server.OBJECT_TURN) 17字节: [17, 0, 22, 0, 28, 218, 2, 0, 39, 1, 0, 0, 115, 2, 0, 0, 8]
[DEBU] proc.mirtcp.util 2020/05/04 00:08:16 ---> 服务端发送 (server.OBJECT_TURN) 17字节: [17, 0, 22, 0, 39, 218, 2, 0, 52, 1, 0, 0, 91, 2, 0, 0, 3]
[DEBU] proc.mirtcp.util 2020/05/04 00:08:16 ---> 服务端发送 (server.OBJECT_WALK) 17字节: [17, 0, 23, 0, 24, 218, 2, 0, 43, 1, 0, 0, 118, 2, 0, 0, 6]
[DEBU] proc.mirtcp.util 2020/05/04 00:08:16 ---> 服务端发送 (server.OBJECT_WALK) 17字节: [17, 0, 23, 0, 190, 217, 2, 0, 30, 1, 0, 0, 107, 2, 0, 0, 7]
[DEBU] proc.mirtcp.util 2020/05/04 00:08:16 ---> 服务端发送 (server.OBJECT_WALK) 17字节: [17, 0, 23, 0, 103, 217, 2, 0, 35, 1, 0, 0, 92, 2, 0, 0, 2]
[DEBU] proc.mirtcp.util 2020/05/04 00:08:16 ---> 服务端发送 (server.OBJECT_WALK) 17字节: [17, 0, 23, 0, 10, 218, 2, 0, 31, 1, 0, 0, 116, 2, 0, 0, 7]
[DEBU] proc.mirtcp.util 2020/05/04 00:08:16 ---> 服务端发送 (server.OBJECT_TURN) 17字节: [17, 0, 22, 0, 227, 217, 2, 0, 42, 1, 0, 0, 93, 2, 0, 0, 5]
[DEBU] proc.mirtcp.util 2020/05/04 00:08:16 ---> 服务端发送 (server.OBJECT_WALK) 17字节: [17, 0, 23, 0, 45, 218, 2, 0, 21, 1, 0, 0, 130, 2, 0, 0, 0]
[DEBU] proc.mirtcp.util 2020/05/04 00:08:16 ---> 服务端发送 (server.OBJECT_WALK) 17字节: [17, 0, 23, 0, 254, 217, 2, 0, 40, 1, 0, 0, 119, 2, 0, 0, 7]
[DEBU] proc.mirtcp.util 2020/05/04 00:08:16 ---> 服务端发送 (server.OBJECT_WALK) 17字节: [17, 0, 23, 0, 254, 217, 2, 0, 40, 1, 0, 0, 119, 2, 0, 0, 7]
